#
# There is insufficient memory for the Java Runtime Environment to continue.
# Native memory allocation (mmap) failed to map 1044381696 bytes. Error detail: G1 virtual space
# Possible reasons:
#   The system is out of physical RAM or swap space
#   This process is running with CompressedOops enabled, and the Java Heap may be blocking the growth of the native heap
# Possible solutions:
#   Reduce memory load on the system
#   Increase physical memory or swap space
#   Check if swap backing store is full
#   Decrease Java heap size (-Xmx/-Xms)
#   Decrease number of Java threads
#   Decrease Java thread stack sizes (-Xss)
#   Set larger code cache with -XX:ReservedCodeCacheSize=
#   JVM is running with Zero Based Compressed Oops mode in which the Java heap is
#     placed in the first 32GB address space. The Java Heap base address is the
#     maximum limit for the native heap growth. Please use -XX:HeapBaseMinAddress
#     to set the Java Heap base and to place the Java Heap above 32GB virtual address.
# This output file may be truncated or incomplete.
#
#  Out of Memory Error (os_windows.cpp:3616), pid=1944, tid=9920
#
# JRE version: OpenJDK Runtime Environment Temurin-21.0.4+7 (21.0.4+7) (build 21.0.4+7-LTS)
# Java VM: OpenJDK 64-Bit Server VM Temurin-21.0.4+7 (21.0.4+7-LTS, mixed mode, sharing, tiered, compressed oops, compressed class ptrs, g1 gc, windows-amd64)
# No core dump will be written. Minidumps are not enabled by default on client versions of Windows
#

---------------  S U M M A R Y ------------

Command Line: -XX:MaxGCPauseMillis=50 -agentlib:jdwp=transport=dt_shmem,address=javadebug -Dfile.encoding=UTF-8 bluej.runtime.ExecServer UTF-8

Host: AMD Ryzen 5 5600H with Radeon Graphics         , 12 cores, 15G,  Windows 11 , 64 bit Build 26100 (10.0.26100.7019)
Time: Wed Nov  5 21:14:45 2025 Hora oficial do Brasil elapsed time: 601.205761 seconds (0d 0h 10m 1s)

---------------  T H R E A D  ---------------

Current thread (0x0000020ee60100b0):  VMThread "VM Thread"          [id=9920, stack(0x000000ebbdb00000,0x000000ebbdc00000) (1024K)]

Stack: [0x000000ebbdb00000,0x000000ebbdc00000]
Native frames: (J=compiled Java code, j=interpreted, Vv=VM code, C=native code)
V  [jvm.dll+0x6cbcf9]
V  [jvm.dll+0x8a5551]
V  [jvm.dll+0x8a7a7e]
V  [jvm.dll+0x8a8153]
V  [jvm.dll+0x27eca6]
V  [jvm.dll+0x6c8445]
V  [jvm.dll+0x6bd13a]
V  [jvm.dll+0x354a0a]
V  [jvm.dll+0x35c5b6]
V  [jvm.dll+0x3adf3e]
V  [jvm.dll+0x3ae1e8]
V  [jvm.dll+0x328bcc]
V  [jvm.dll+0x328c57]
V  [jvm.dll+0x36c9cc]
V  [jvm.dll+0x36b218]
V  [jvm.dll+0x328391]
V  [jvm.dll+0x36a88a]
V  [jvm.dll+0x8ade6f]
V  [jvm.dll+0x8af1f4]
V  [jvm.dll+0x8af730]
V  [jvm.dll+0x8af9d3]
V  [jvm.dll+0x84f17b]
V  [jvm.dll+0x6ca3fd]
C  [ucrtbase.dll+0x37b0]
C  [KERNEL32.DLL+0x2e8d7]
C  [ntdll.dll+0x8c53c]

VM_Operation (0x000000ebc14fe780): G1CollectForAllocation, mode: safepoint, requested by thread 0x0000020ee696b530


---------------  P R O C E S S  ---------------

Threads class SMR info:
_java_thread_list=0x0000020eec0bb450, length=24, elements={
0x0000020ee6031c80, 0x0000020ee6035660, 0x0000020ee6037220, 0x0000020ee6038110,
0x0000020ee603d130, 0x0000020ee60440a0, 0x0000020ee6299440, 0x0000020ee62c1b10,
0x0000020ee6457820, 0x0000020ee6463050, 0x0000020ee64677b0, 0x0000020ee6044730,
0x0000020ee60412b0, 0x0000020ee6041940, 0x0000020ee6043380, 0x0000020ee6042660,
0x0000020ee6042cf0, 0x0000020ee696a180, 0x0000020ee6968dd0, 0x0000020ee6968740,
0x0000020ee696a810, 0x0000020ee696aea0, 0x0000020ee696b530, 0x0000020ee696bbc0
}

Java Threads: ( => current thread )
  0x0000020ee6031c80 JavaThread "Reference Handler"          daemon [_thread_blocked, id=13912, stack(0x000000ebbdc00000,0x000000ebbdd00000) (1024K)]
  0x0000020ee6035660 JavaThread "Finalizer"                  daemon [_thread_blocked, id=19936, stack(0x000000ebbdd00000,0x000000ebbde00000) (1024K)]
  0x0000020ee6037220 JavaThread "Signal Dispatcher"          daemon [_thread_blocked, id=18528, stack(0x000000ebbde00000,0x000000ebbdf00000) (1024K)]
  0x0000020ee6038110 JavaThread "Attach Listener"            daemon [_thread_blocked, id=8376, stack(0x000000ebbdf00000,0x000000ebbe000000) (1024K)]
  0x0000020ee603d130 JavaThread "Service Thread"             daemon [_thread_blocked, id=14516, stack(0x000000ebbe000000,0x000000ebbe100000) (1024K)]
  0x0000020ee60440a0 JavaThread "Monitor Deflation Thread"   daemon [_thread_blocked, id=10692, stack(0x000000ebbe100000,0x000000ebbe200000) (1024K)]
  0x0000020ee6299440 JavaThread "C2 CompilerThread0"         daemon [_thread_blocked, id=20104, stack(0x000000ebbe200000,0x000000ebbe300000) (1024K)]
  0x0000020ee62c1b10 JavaThread "C1 CompilerThread0"         daemon [_thread_blocked, id=13928, stack(0x000000ebbe300000,0x000000ebbe400000) (1024K)]
  0x0000020ee6457820 JavaThread "JDWP Transport Listener: dt_shmem" daemon [_thread_blocked, id=22456, stack(0x000000ebbe400000,0x000000ebbe500000) (1024K)]
  0x0000020ee6463050 JavaThread "JDWP Event Helper Thread"   daemon [_thread_blocked, id=12540, stack(0x000000ebbe500000,0x000000ebbe600000) (1024K)]
  0x0000020ee64677b0 JavaThread "JDWP Command Reader"        daemon [_thread_in_native, id=19564, stack(0x000000ebbe600000,0x000000ebbe700000) (1024K)]
  0x0000020ee6044730 JavaThread "Notification Thread"        daemon [_thread_blocked, id=5032, stack(0x000000ebbe700000,0x000000ebbe800000) (1024K)]
  0x0000020ee60412b0 JavaThread "Common-Cleaner"             daemon [_thread_blocked, id=20008, stack(0x000000ebbe800000,0x000000ebbe900000) (1024K)]
  0x0000020ee6041940 JavaThread "Java2D Disposer"            daemon [_thread_blocked, id=17208, stack(0x000000ebbea00000,0x000000ebbeb00000) (1024K)]
  0x0000020ee6043380 JavaThread "AWT-Windows"                daemon [_thread_in_native, id=14000, stack(0x000000ebbec00000,0x000000ebbed00000) (1024K)]
  0x0000020ee6042660 JavaThread "BlueJ worker thread"               [_thread_blocked, id=13256, stack(0x000000ebbee00000,0x000000ebbef00000) (1024K)]
  0x0000020ee6042cf0 JavaThread "DestroyJavaVM"                     [_thread_blocked, id=21380, stack(0x000000ebbd400000,0x000000ebbd500000) (1024K)]
  0x0000020ee696a180 JavaThread "QuantumRenderer-0"          daemon [_thread_blocked, id=21664, stack(0x000000ebc0a00000,0x000000ebc0b00000) (1024K)]
  0x0000020ee6968dd0 JavaThread "InvokeLaterDispatcher"      daemon [_thread_blocked, id=20464, stack(0x000000ebc0b00000,0x000000ebc0c00000) (1024K)]
  0x0000020ee6968740 JavaThread "JavaFX Application Thread"         [_thread_in_native, id=15916, stack(0x000000ebc0c00000,0x000000ebc0d00000) (1024K)]
  0x0000020ee696a810 JavaThread "VMCommsSimulation"                 [_thread_blocked, id=20776, stack(0x000000ebc1300000,0x000000ebc1400000) (1024K)]
  0x0000020ee696aea0 JavaThread "Thread-2"                   daemon [_thread_blocked, id=20828, stack(0x000000ebbed00000,0x000000ebbee00000) (1024K)]
  0x0000020ee696b530 JavaThread "SimulationThread"                  [_thread_blocked, id=22504, stack(0x000000ebc1400000,0x000000ebc1500000) (1024K)]
  0x0000020ee696bbc0 JavaThread "main"                              [_thread_blocked, id=6820, stack(0x000000ebbd300000,0x000000ebbd400000) (1024K)]
Total: 24

Other Threads:
=>0x0000020ee60100b0 VMThread "VM Thread"                           [id=9920, stack(0x000000ebbdb00000,0x000000ebbdc00000) (1024K)]
  0x0000020ee5ff9d30 WatcherThread "VM Periodic Task Thread"        [id=1688, stack(0x000000ebbda00000,0x000000ebbdb00000) (1024K)]
  0x0000020ec6c1e530 WorkerThread "GC Thread#0"                     [id=4372, stack(0x000000ebbd500000,0x000000ebbd600000) (1024K)]
  0x0000020ee6cc1a40 WorkerThread "GC Thread#1"                     [id=18292, stack(0x000000ebc0100000,0x000000ebc0200000) (1024K)]
  0x0000020ee6cc1de0 WorkerThread "GC Thread#2"                     [id=17036, stack(0x000000ebc0200000,0x000000ebc0300000) (1024K)]
  0x0000020ee6cc2180 WorkerThread "GC Thread#3"                     [id=18596, stack(0x000000ebc0300000,0x000000ebc0400000) (1024K)]
  0x0000020ee6cc2520 WorkerThread "GC Thread#4"                     [id=22472, stack(0x000000ebc0400000,0x000000ebc0500000) (1024K)]
  0x0000020eec107c60 WorkerThread "GC Thread#5"                     [id=12724, stack(0x000000ebc0500000,0x000000ebc0600000) (1024K)]
  0x0000020eec109220 WorkerThread "GC Thread#6"                     [id=4720, stack(0x000000ebc0600000,0x000000ebc0700000) (1024K)]
  0x0000020eec107520 WorkerThread "GC Thread#7"                     [id=13960, stack(0x000000ebc0700000,0x000000ebc0800000) (1024K)]
  0x0000020eec106de0 WorkerThread "GC Thread#8"                     [id=21108, stack(0x000000ebc0800000,0x000000ebc0900000) (1024K)]
  0x0000020eec106a40 WorkerThread "GC Thread#9"                     [id=21104, stack(0x000000ebc0900000,0x000000ebc0a00000) (1024K)]
  0x0000020ec6c4bbe0 ConcurrentGCThread "G1 Main Marker"            [id=1968, stack(0x000000ebbd600000,0x000000ebbd700000) (1024K)]
  0x0000020ec6c4c6e0 WorkerThread "G1 Conc#0"                       [id=21200, stack(0x000000ebbd700000,0x000000ebbd800000) (1024K)]
  0x0000020eec1078c0 WorkerThread "G1 Conc#1"                       [id=20084, stack(0x000000ebbd200000,0x000000ebbd300000) (1024K)]
  0x0000020eec108000 WorkerThread "G1 Conc#2"                       [id=20956, stack(0x000000ebbef00000,0x000000ebbf000000) (1024K)]
  0x0000020ee5ec8a20 ConcurrentGCThread "G1 Refine#0"               [id=21628, stack(0x000000ebbd800000,0x000000ebbd900000) (1024K)]
  0x0000020ee5ec9330 ConcurrentGCThread "G1 Service"                [id=6516, stack(0x000000ebbd900000,0x000000ebbda00000) (1024K)]
Total: 18

Threads with active compile tasks:
C2 CompilerThread0   601230 1629       4       java.lang.StringLatin1::inflate (34 bytes)
C1 CompilerThread0   601230 1666       3       java.nio.ByteBuffer::flip (7 bytes)
Total: 2

VM state: at safepoint (normal execution)

VM Mutex/Monitor currently owned by a thread:  ([mutex/lock_event])
[0x00007ffdca8d7308] Threads_lock - owner thread: 0x0000020ee60100b0
[0x00007ffdca8d7408] Heap_lock - owner thread: 0x0000020ee696b530

Heap address: 0x000000070a400000, size: 3932 MB, Compressed Oops mode: Zero based, Oop shift amount: 3

CDS archive(s) mapped at: [0x0000020e80000000-0x0000020e80c90000-0x0000020e80c90000), size 13172736, SharedBaseAddress: 0x0000020e80000000, ArchiveRelocationMode: 1.
Compressed class space mapped at: 0x0000020e81000000-0x0000020ec1000000, reserved size: 1073741824
Narrow klass base: 0x0000020e80000000, Narrow klass shift: 0, Narrow klass range: 0x100000000

GC Precious Log:
 CardTable entry size: 512
 Card Set container configuration: InlinePtr #cards 4 size 8 Array Of Cards #cards 16 size 48 Howl #buckets 8 coarsen threshold 3686 Howl Bitmap #cards 512 size 80 coarsen threshold 460 Card regions per heap region 1 cards per card region 4096
 CPUs: 12 total, 12 available
 Memory: 15724M
 Large Page Support: Disabled
 NUMA Support: Disabled
 Compressed Oops: Enabled (Zero based)
 Heap Region Size: 2M
 Heap Min Capacity: 8M
 Heap Initial Capacity: 246M
 Heap Max Capacity: 3932M
 Pre-touch: Disabled
 Parallel Workers: 10
 Concurrent Workers: 3
 Concurrent Refinement Workers: 10
 Periodic GC: Disabled

Heap:
 garbage-first heap   total 602112K, used 38680K [0x000000070a400000, 0x0000000800000000)
  region size 2048K, 1 young (2048K), 1 survivors (2048K)
 Metaspace       used 10294K, committed 10496K, reserved 1114112K
  class space    used 997K, committed 1088K, reserved 1048576K

Heap Regions: E=young(eden), S=young(survivor), O=old, HS=humongous(starts), HC=humongous(continues), CS=collection set, F=free, TAMS=top-at-mark-start, PB=parsable bottom
|   0|0x000000070a400000, 0x000000070a5ffff0, 0x000000070a600000| 99%| O|  |TAMS 0x000000070a400000| PB 0x000000070a400000| Untracked 
|   1|0x000000070a600000, 0x000000070a621410, 0x000000070a800000|  6%| O|Cm|TAMS 0x000000070a600000| PB 0x000000070a600000| Complete 
|   2|0x000000070a800000, 0x000000070a96de68, 0x000000070aa00000| 71%| O|  |TAMS 0x000000070a800000| PB 0x000000070a800000| Untracked 
|   3|0x000000070aa00000, 0x000000070ac00000, 0x000000070ac00000|100%|HS|  |TAMS 0x000000070aa00000| PB 0x000000070aa00000| Complete 
|   4|0x000000070ac00000, 0x000000070ae00000, 0x000000070ae00000|100%|HC|  |TAMS 0x000000070ac00000| PB 0x000000070ac00000| Complete 
|   5|0x000000070ae00000, 0x000000070b000000, 0x000000070b000000|100%|HS|  |TAMS 0x000000070ae00000| PB 0x000000070ae00000| Complete 
|   6|0x000000070b000000, 0x000000070b200000, 0x000000070b200000|100%|HC|  |TAMS 0x000000070b000000| PB 0x000000070b000000| Complete 
|   7|0x000000070b200000, 0x000000070b200000, 0x000000070b400000|  0%| F|  |TAMS 0x000000070b200000| PB 0x000000070b200000| Untracked 
|   8|0x000000070b400000, 0x000000070b600000, 0x000000070b600000|100%|HS|  |TAMS 0x000000070b400000| PB 0x000000070b400000| Complete 
|   9|0x000000070b600000, 0x000000070b800000, 0x000000070b800000|100%|HC|  |TAMS 0x000000070b600000| PB 0x000000070b600000| Complete 
|  10|0x000000070b800000, 0x000000070ba00000, 0x000000070ba00000|100%|HS|  |TAMS 0x000000070b800000| PB 0x000000070b800000| Complete 
|  11|0x000000070ba00000, 0x000000070bc00000, 0x000000070bc00000|100%|HC|  |TAMS 0x000000070ba00000| PB 0x000000070ba00000| Complete 
|  12|0x000000070bc00000, 0x000000070bc00000, 0x000000070be00000|  0%| F|  |TAMS 0x000000070bc00000| PB 0x000000070bc00000| Untracked 
|  13|0x000000070be00000, 0x000000070be00000, 0x000000070c000000|  0%| F|  |TAMS 0x000000070be00000| PB 0x000000070be00000| Untracked 
|  14|0x000000070c000000, 0x000000070c000000, 0x000000070c200000|  0%| F|  |TAMS 0x000000070c000000| PB 0x000000070c000000| Untracked 
|  15|0x000000070c200000, 0x000000070c200000, 0x000000070c400000|  0%| F|  |TAMS 0x000000070c200000| PB 0x000000070c200000| Untracked 
|  16|0x000000070c400000, 0x000000070c400000, 0x000000070c600000|  0%| F|  |TAMS 0x000000070c400000| PB 0x000000070c400000| Untracked 
|  17|0x000000070c600000, 0x000000070c600000, 0x000000070c800000|  0%| F|  |TAMS 0x000000070c600000| PB 0x000000070c600000| Untracked 
|  18|0x000000070c800000, 0x000000070c800000, 0x000000070ca00000|  0%| F|  |TAMS 0x000000070c800000| PB 0x000000070c800000| Untracked 
|  19|0x000000070ca00000, 0x000000070ca00000, 0x000000070cc00000|  0%| F|  |TAMS 0x000000070ca00000| PB 0x000000070ca00000| Untracked 
|  20|0x000000070cc00000, 0x000000070cc00000, 0x000000070ce00000|  0%| F|  |TAMS 0x000000070cc00000| PB 0x000000070cc00000| Untracked 
|  21|0x000000070ce00000, 0x000000070ce00000, 0x000000070d000000|  0%| F|  |TAMS 0x000000070ce00000| PB 0x000000070ce00000| Untracked 
|  22|0x000000070d000000, 0x000000070d000000, 0x000000070d200000|  0%| F|  |TAMS 0x000000070d000000| PB 0x000000070d000000| Untracked 
|  23|0x000000070d200000, 0x000000070d200000, 0x000000070d400000|  0%| F|  |TAMS 0x000000070d200000| PB 0x000000070d200000| Untracked 
|  24|0x000000070d400000, 0x000000070d400000, 0x000000070d600000|  0%| F|  |TAMS 0x000000070d400000| PB 0x000000070d400000| Untracked 
|  25|0x000000070d600000, 0x000000070d600000, 0x000000070d800000|  0%| F|  |TAMS 0x000000070d600000| PB 0x000000070d600000| Untracked 
|  26|0x000000070d800000, 0x000000070d800000, 0x000000070da00000|  0%| F|  |TAMS 0x000000070d800000| PB 0x000000070d800000| Untracked 
|  27|0x000000070da00000, 0x000000070da00000, 0x000000070dc00000|  0%| F|  |TAMS 0x000000070da00000| PB 0x000000070da00000| Untracked 
|  28|0x000000070dc00000, 0x000000070dc00000, 0x000000070de00000|  0%| F|  |TAMS 0x000000070dc00000| PB 0x000000070dc00000| Untracked 
|  29|0x000000070de00000, 0x000000070de00000, 0x000000070e000000|  0%| F|  |TAMS 0x000000070de00000| PB 0x000000070de00000| Untracked 
|  30|0x000000070e000000, 0x000000070e000000, 0x000000070e200000|  0%| F|  |TAMS 0x000000070e000000| PB 0x000000070e000000| Untracked 
|  31|0x000000070e200000, 0x000000070e200000, 0x000000070e400000|  0%| F|  |TAMS 0x000000070e200000| PB 0x000000070e200000| Untracked 
|  32|0x000000070e400000, 0x000000070e400000, 0x000000070e600000|  0%| F|  |TAMS 0x000000070e400000| PB 0x000000070e400000| Untracked 
|  33|0x000000070e600000, 0x000000070e600000, 0x000000070e800000|  0%| F|  |TAMS 0x000000070e600000| PB 0x000000070e600000| Untracked 
|  34|0x000000070e800000, 0x000000070e800000, 0x000000070ea00000|  0%| F|  |TAMS 0x000000070e800000| PB 0x000000070e800000| Untracked 
|  35|0x000000070ea00000, 0x000000070ea00000, 0x000000070ec00000|  0%| F|  |TAMS 0x000000070ea00000| PB 0x000000070ea00000| Untracked 
|  36|0x000000070ec00000, 0x000000070ec00000, 0x000000070ee00000|  0%| F|  |TAMS 0x000000070ec00000| PB 0x000000070ec00000| Untracked 
|  37|0x000000070ee00000, 0x000000070ee00000, 0x000000070f000000|  0%| F|  |TAMS 0x000000070ee00000| PB 0x000000070ee00000| Untracked 
|  38|0x000000070f000000, 0x000000070f000000, 0x000000070f200000|  0%| F|  |TAMS 0x000000070f000000| PB 0x000000070f000000| Untracked 
|  39|0x000000070f200000, 0x000000070f200000, 0x000000070f400000|  0%| F|  |TAMS 0x000000070f200000| PB 0x000000070f200000| Untracked 
|  40|0x000000070f400000, 0x000000070f400000, 0x000000070f600000|  0%| F|  |TAMS 0x000000070f400000| PB 0x000000070f400000| Untracked 
|  41|0x000000070f600000, 0x000000070f600000, 0x000000070f800000|  0%| F|  |TAMS 0x000000070f600000| PB 0x000000070f600000| Untracked 
|  42|0x000000070f800000, 0x000000070f800000, 0x000000070fa00000|  0%| F|  |TAMS 0x000000070f800000| PB 0x000000070f800000| Untracked 
|  43|0x000000070fa00000, 0x000000070fa00000, 0x000000070fc00000|  0%| F|  |TAMS 0x000000070fa00000| PB 0x000000070fa00000| Untracked 
|  44|0x000000070fc00000, 0x000000070fc00000, 0x000000070fe00000|  0%| F|  |TAMS 0x000000070fc00000| PB 0x000000070fc00000| Untracked 
|  45|0x000000070fe00000, 0x000000070fe00000, 0x0000000710000000|  0%| F|  |TAMS 0x000000070fe00000| PB 0x000000070fe00000| Untracked 
|  46|0x0000000710000000, 0x0000000710000000, 0x0000000710200000|  0%| F|  |TAMS 0x0000000710000000| PB 0x0000000710000000| Untracked 
|  47|0x0000000710200000, 0x0000000710200000, 0x0000000710400000|  0%| F|  |TAMS 0x0000000710200000| PB 0x0000000710200000| Untracked 
|  48|0x0000000710400000, 0x0000000710400000, 0x0000000710600000|  0%| F|  |TAMS 0x0000000710400000| PB 0x0000000710400000| Untracked 
|  49|0x0000000710600000, 0x0000000710600000, 0x0000000710800000|  0%| F|  |TAMS 0x0000000710600000| PB 0x0000000710600000| Untracked 
|  50|0x0000000710800000, 0x0000000710800000, 0x0000000710a00000|  0%| F|  |TAMS 0x0000000710800000| PB 0x0000000710800000| Untracked 
|  51|0x0000000710a00000, 0x0000000710a00000, 0x0000000710c00000|  0%| F|  |TAMS 0x0000000710a00000| PB 0x0000000710a00000| Untracked 
|  52|0x0000000710c00000, 0x0000000710c00000, 0x0000000710e00000|  0%| F|  |TAMS 0x0000000710c00000| PB 0x0000000710c00000| Untracked 
|  53|0x0000000710e00000, 0x0000000710e00000, 0x0000000711000000|  0%| F|  |TAMS 0x0000000710e00000| PB 0x0000000710e00000| Untracked 
|  54|0x0000000711000000, 0x0000000711000000, 0x0000000711200000|  0%| F|  |TAMS 0x0000000711000000| PB 0x0000000711000000| Untracked 
|  55|0x0000000711200000, 0x0000000711200000, 0x0000000711400000|  0%| F|  |TAMS 0x0000000711200000| PB 0x0000000711200000| Untracked 
|  56|0x0000000711400000, 0x0000000711400000, 0x0000000711600000|  0%| F|  |TAMS 0x0000000711400000| PB 0x0000000711400000| Untracked 
|  57|0x0000000711600000, 0x0000000711600000, 0x0000000711800000|  0%| F|  |TAMS 0x0000000711600000| PB 0x0000000711600000| Untracked 
|  58|0x0000000711800000, 0x0000000711800000, 0x0000000711a00000|  0%| F|  |TAMS 0x0000000711800000| PB 0x0000000711800000| Untracked 
|  59|0x0000000711a00000, 0x0000000711a00000, 0x0000000711c00000|  0%| F|  |TAMS 0x0000000711a00000| PB 0x0000000711a00000| Untracked 
|  60|0x0000000711c00000, 0x0000000711c00000, 0x0000000711e00000|  0%| F|  |TAMS 0x0000000711c00000| PB 0x0000000711c00000| Untracked 
|  61|0x0000000711e00000, 0x0000000711e00000, 0x0000000712000000|  0%| F|  |TAMS 0x0000000711e00000| PB 0x0000000711e00000| Untracked 
|  62|0x0000000712000000, 0x0000000712000000, 0x0000000712200000|  0%| F|  |TAMS 0x0000000712000000| PB 0x0000000712000000| Untracked 
|  63|0x0000000712200000, 0x0000000712200000, 0x0000000712400000|  0%| F|  |TAMS 0x0000000712200000| PB 0x0000000712200000| Untracked 
|  64|0x0000000712400000, 0x0000000712400000, 0x0000000712600000|  0%| F|  |TAMS 0x0000000712400000| PB 0x0000000712400000| Untracked 
|  65|0x0000000712600000, 0x0000000712600000, 0x0000000712800000|  0%| F|  |TAMS 0x0000000712600000| PB 0x0000000712600000| Untracked 
|  66|0x0000000712800000, 0x0000000712800000, 0x0000000712a00000|  0%| F|  |TAMS 0x0000000712800000| PB 0x0000000712800000| Untracked 
|  67|0x0000000712a00000, 0x0000000712a00000, 0x0000000712c00000|  0%| F|  |TAMS 0x0000000712a00000| PB 0x0000000712a00000| Untracked 
|  68|0x0000000712c00000, 0x0000000712c00000, 0x0000000712e00000|  0%| F|  |TAMS 0x0000000712c00000| PB 0x0000000712c00000| Untracked 
|  69|0x0000000712e00000, 0x0000000712e00000, 0x0000000713000000|  0%| F|  |TAMS 0x0000000712e00000| PB 0x0000000712e00000| Untracked 
|  70|0x0000000713000000, 0x0000000713000000, 0x0000000713200000|  0%| F|  |TAMS 0x0000000713000000| PB 0x0000000713000000| Untracked 
|  71|0x0000000713200000, 0x0000000713200000, 0x0000000713400000|  0%| F|  |TAMS 0x0000000713200000| PB 0x0000000713200000| Untracked 
|  72|0x0000000713400000, 0x0000000713400000, 0x0000000713600000|  0%| F|  |TAMS 0x0000000713400000| PB 0x0000000713400000| Untracked 
|  73|0x0000000713600000, 0x0000000713600000, 0x0000000713800000|  0%| F|  |TAMS 0x0000000713600000| PB 0x0000000713600000| Untracked 
|  74|0x0000000713800000, 0x0000000713800000, 0x0000000713a00000|  0%| F|  |TAMS 0x0000000713800000| PB 0x0000000713800000| Untracked 
|  75|0x0000000713a00000, 0x0000000713a00000, 0x0000000713c00000|  0%| F|  |TAMS 0x0000000713a00000| PB 0x0000000713a00000| Untracked 
|  76|0x0000000713c00000, 0x0000000713c00000, 0x0000000713e00000|  0%| F|  |TAMS 0x0000000713c00000| PB 0x0000000713c00000| Untracked 
|  77|0x0000000713e00000, 0x0000000713e00000, 0x0000000714000000|  0%| F|  |TAMS 0x0000000713e00000| PB 0x0000000713e00000| Untracked 
|  78|0x0000000714000000, 0x0000000714000000, 0x0000000714200000|  0%| F|  |TAMS 0x0000000714000000| PB 0x0000000714000000| Untracked 
|  79|0x0000000714200000, 0x0000000714200000, 0x0000000714400000|  0%| F|  |TAMS 0x0000000714200000| PB 0x0000000714200000| Untracked 
|  80|0x0000000714400000, 0x0000000714400000, 0x0000000714600000|  0%| F|  |TAMS 0x0000000714400000| PB 0x0000000714400000| Untracked 
|  81|0x0000000714600000, 0x0000000714600000, 0x0000000714800000|  0%| F|  |TAMS 0x0000000714600000| PB 0x0000000714600000| Untracked 
|  82|0x0000000714800000, 0x0000000714800000, 0x0000000714a00000|  0%| F|  |TAMS 0x0000000714800000| PB 0x0000000714800000| Untracked 
|  83|0x0000000714a00000, 0x0000000714a00000, 0x0000000714c00000|  0%| F|  |TAMS 0x0000000714a00000| PB 0x0000000714a00000| Untracked 
|  84|0x0000000714c00000, 0x0000000714c00000, 0x0000000714e00000|  0%| F|  |TAMS 0x0000000714c00000| PB 0x0000000714c00000| Untracked 
|  85|0x0000000714e00000, 0x0000000714e00000, 0x0000000715000000|  0%| F|  |TAMS 0x0000000714e00000| PB 0x0000000714e00000| Untracked 
|  86|0x0000000715000000, 0x0000000715000000, 0x0000000715200000|  0%| F|  |TAMS 0x0000000715000000| PB 0x0000000715000000| Untracked 
|  87|0x0000000715200000, 0x0000000715200000, 0x0000000715400000|  0%| F|  |TAMS 0x0000000715200000| PB 0x0000000715200000| Untracked 
|  88|0x0000000715400000, 0x0000000715400000, 0x0000000715600000|  0%| F|  |TAMS 0x0000000715400000| PB 0x0000000715400000| Untracked 
|  89|0x0000000715600000, 0x0000000715600000, 0x0000000715800000|  0%| F|  |TAMS 0x0000000715600000| PB 0x0000000715600000| Untracked 
|  90|0x0000000715800000, 0x0000000715800000, 0x0000000715a00000|  0%| F|  |TAMS 0x0000000715800000| PB 0x0000000715800000| Untracked 
|  91|0x0000000715a00000, 0x0000000715a00000, 0x0000000715c00000|  0%| F|  |TAMS 0x0000000715a00000| PB 0x0000000715a00000| Untracked 
|  92|0x0000000715c00000, 0x0000000715c00000, 0x0000000715e00000|  0%| F|  |TAMS 0x0000000715c00000| PB 0x0000000715c00000| Untracked 
|  93|0x0000000715e00000, 0x0000000715e00000, 0x0000000716000000|  0%| F|  |TAMS 0x0000000715e00000| PB 0x0000000715e00000| Untracked 
|  94|0x0000000716000000, 0x0000000716000000, 0x0000000716200000|  0%| F|  |TAMS 0x0000000716000000| PB 0x0000000716000000| Untracked 
|  95|0x0000000716200000, 0x0000000716200000, 0x0000000716400000|  0%| F|  |TAMS 0x0000000716200000| PB 0x0000000716200000| Untracked 
|  96|0x0000000716400000, 0x0000000716400000, 0x0000000716600000|  0%| F|  |TAMS 0x0000000716400000| PB 0x0000000716400000| Untracked 
|  97|0x0000000716600000, 0x0000000716600000, 0x0000000716800000|  0%| F|  |TAMS 0x0000000716600000| PB 0x0000000716600000| Untracked 
|  98|0x0000000716800000, 0x0000000716800000, 0x0000000716a00000|  0%| F|  |TAMS 0x0000000716800000| PB 0x0000000716800000| Untracked 
|  99|0x0000000716a00000, 0x0000000716a00000, 0x0000000716c00000|  0%| F|  |TAMS 0x0000000716a00000| PB 0x0000000716a00000| Untracked 
| 100|0x0000000716c00000, 0x0000000716c00000, 0x0000000716e00000|  0%| F|  |TAMS 0x0000000716c00000| PB 0x0000000716c00000| Untracked 
| 101|0x0000000716e00000, 0x0000000716e00000, 0x0000000717000000|  0%| F|  |TAMS 0x0000000716e00000| PB 0x0000000716e00000| Untracked 
| 102|0x0000000717000000, 0x0000000717000000, 0x0000000717200000|  0%| F|  |TAMS 0x0000000717000000| PB 0x0000000717000000| Untracked 
| 103|0x0000000717200000, 0x0000000717200000, 0x0000000717400000|  0%| F|  |TAMS 0x0000000717200000| PB 0x0000000717200000| Untracked 
| 104|0x0000000717400000, 0x0000000717400000, 0x0000000717600000|  0%| F|  |TAMS 0x0000000717400000| PB 0x0000000717400000| Untracked 
| 105|0x0000000717600000, 0x0000000717600000, 0x0000000717800000|  0%| F|  |TAMS 0x0000000717600000| PB 0x0000000717600000| Untracked 
| 106|0x0000000717800000, 0x0000000717800000, 0x0000000717a00000|  0%| F|  |TAMS 0x0000000717800000| PB 0x0000000717800000| Untracked 
| 107|0x0000000717a00000, 0x0000000717a00000, 0x0000000717c00000|  0%| F|  |TAMS 0x0000000717a00000| PB 0x0000000717a00000| Untracked 
| 108|0x0000000717c00000, 0x0000000717c00000, 0x0000000717e00000|  0%| F|  |TAMS 0x0000000717c00000| PB 0x0000000717c00000| Untracked 
| 109|0x0000000717e00000, 0x0000000717e00000, 0x0000000718000000|  0%| F|  |TAMS 0x0000000717e00000| PB 0x0000000717e00000| Untracked 
| 110|0x0000000718000000, 0x0000000718000000, 0x0000000718200000|  0%| F|  |TAMS 0x0000000718000000| PB 0x0000000718000000| Untracked 
| 111|0x0000000718200000, 0x0000000718200000, 0x0000000718400000|  0%| F|  |TAMS 0x0000000718200000| PB 0x0000000718200000| Untracked 
| 112|0x0000000718400000, 0x0000000718400000, 0x0000000718600000|  0%| F|  |TAMS 0x0000000718400000| PB 0x0000000718400000| Untracked 
| 113|0x0000000718600000, 0x0000000718600000, 0x0000000718800000|  0%| F|  |TAMS 0x0000000718600000| PB 0x0000000718600000| Untracked 
| 114|0x0000000718800000, 0x0000000718800000, 0x0000000718a00000|  0%| F|  |TAMS 0x0000000718800000| PB 0x0000000718800000| Untracked 
| 115|0x0000000718a00000, 0x0000000718a00000, 0x0000000718c00000|  0%| F|  |TAMS 0x0000000718a00000| PB 0x0000000718a00000| Untracked 
| 116|0x0000000718c00000, 0x0000000718e00000, 0x0000000718e00000|100%| O|  |TAMS 0x0000000718c00000| PB 0x0000000718c00000| Untracked 
| 117|0x0000000718e00000, 0x0000000718e00000, 0x0000000719000000|  0%| F|  |TAMS 0x0000000718e00000| PB 0x0000000718e00000| Untracked 
| 118|0x0000000719000000, 0x0000000719000000, 0x0000000719200000|  0%| F|  |TAMS 0x0000000719000000| PB 0x0000000719000000| Untracked 
| 119|0x0000000719200000, 0x0000000719200000, 0x0000000719400000|  0%| F|  |TAMS 0x0000000719200000| PB 0x0000000719200000| Untracked 
| 120|0x0000000719400000, 0x0000000719400000, 0x0000000719600000|  0%| F|  |TAMS 0x0000000719400000| PB 0x0000000719400000| Untracked 
| 121|0x0000000719600000, 0x0000000719600000, 0x0000000719800000|  0%| F|  |TAMS 0x0000000719600000| PB 0x0000000719600000| Untracked 
| 122|0x0000000719800000, 0x0000000719800000, 0x0000000719a00000|  0%| F|  |TAMS 0x0000000719800000| PB 0x0000000719800000| Untracked 
| 123|0x0000000719a00000, 0x0000000719a00000, 0x0000000719c00000|  0%| F|  |TAMS 0x0000000719a00000| PB 0x0000000719a00000| Untracked 
| 124|0x0000000719c00000, 0x0000000719c00000, 0x0000000719e00000|  0%| F|  |TAMS 0x0000000719c00000| PB 0x0000000719c00000| Untracked 
| 125|0x0000000719e00000, 0x0000000719e00000, 0x000000071a000000|  0%| F|  |TAMS 0x0000000719e00000| PB 0x0000000719e00000| Untracked 
| 126|0x000000071a000000, 0x000000071a000000, 0x000000071a200000|  0%| F|  |TAMS 0x000000071a000000| PB 0x000000071a000000| Untracked 
| 127|0x000000071a200000, 0x000000071a200000, 0x000000071a400000|  0%| F|  |TAMS 0x000000071a200000| PB 0x000000071a200000| Untracked 
| 128|0x000000071a400000, 0x000000071a400000, 0x000000071a600000|  0%| F|  |TAMS 0x000000071a400000| PB 0x000000071a400000| Untracked 
| 129|0x000000071a600000, 0x000000071a600000, 0x000000071a800000|  0%| F|  |TAMS 0x000000071a600000| PB 0x000000071a600000| Untracked 
| 130|0x000000071a800000, 0x000000071a800000, 0x000000071aa00000|  0%| F|  |TAMS 0x000000071a800000| PB 0x000000071a800000| Untracked 
| 131|0x000000071aa00000, 0x000000071aa00000, 0x000000071ac00000|  0%| F|  |TAMS 0x000000071aa00000| PB 0x000000071aa00000| Untracked 
| 132|0x000000071ac00000, 0x000000071ac00000, 0x000000071ae00000|  0%| F|  |TAMS 0x000000071ac00000| PB 0x000000071ac00000| Untracked 
| 133|0x000000071ae00000, 0x000000071ae00000, 0x000000071b000000|  0%| F|  |TAMS 0x000000071ae00000| PB 0x000000071ae00000| Untracked 
| 134|0x000000071b000000, 0x000000071b000000, 0x000000071b200000|  0%| F|  |TAMS 0x000000071b000000| PB 0x000000071b000000| Untracked 
| 135|0x000000071b200000, 0x000000071b200000, 0x000000071b400000|  0%| F|  |TAMS 0x000000071b200000| PB 0x000000071b200000| Untracked 
| 136|0x000000071b400000, 0x000000071b400000, 0x000000071b600000|  0%| F|  |TAMS 0x000000071b400000| PB 0x000000071b400000| Untracked 
| 137|0x000000071b600000, 0x000000071b600000, 0x000000071b800000|  0%| F|  |TAMS 0x000000071b600000| PB 0x000000071b600000| Untracked 
| 138|0x000000071b800000, 0x000000071b800000, 0x000000071ba00000|  0%| F|  |TAMS 0x000000071b800000| PB 0x000000071b800000| Untracked 
| 139|0x000000071ba00000, 0x000000071ba00000, 0x000000071bc00000|  0%| F|  |TAMS 0x000000071ba00000| PB 0x000000071ba00000| Untracked 
| 140|0x000000071bc00000, 0x000000071bc00000, 0x000000071be00000|  0%| F|  |TAMS 0x000000071bc00000| PB 0x000000071bc00000| Untracked 
| 141|0x000000071be00000, 0x000000071be00000, 0x000000071c000000|  0%| F|  |TAMS 0x000000071be00000| PB 0x000000071be00000| Untracked 
| 142|0x000000071c000000, 0x000000071c000000, 0x000000071c200000|  0%| F|  |TAMS 0x000000071c000000| PB 0x000000071c000000| Untracked 
| 143|0x000000071c200000, 0x000000071c200000, 0x000000071c400000|  0%| F|  |TAMS 0x000000071c200000| PB 0x000000071c200000| Untracked 
| 144|0x000000071c400000, 0x000000071c400000, 0x000000071c600000|  0%| F|  |TAMS 0x000000071c400000| PB 0x000000071c400000| Untracked 
| 145|0x000000071c600000, 0x000000071c600000, 0x000000071c800000|  0%| F|  |TAMS 0x000000071c600000| PB 0x000000071c600000| Untracked 
| 146|0x000000071c800000, 0x000000071c800000, 0x000000071ca00000|  0%| F|  |TAMS 0x000000071c800000| PB 0x000000071c800000| Untracked 
| 147|0x000000071ca00000, 0x000000071ca00000, 0x000000071cc00000|  0%| F|  |TAMS 0x000000071ca00000| PB 0x000000071ca00000| Untracked 
| 148|0x000000071cc00000, 0x000000071cc00000, 0x000000071ce00000|  0%| F|  |TAMS 0x000000071cc00000| PB 0x000000071cc00000| Untracked 
| 149|0x000000071ce00000, 0x000000071ce00000, 0x000000071d000000|  0%| F|  |TAMS 0x000000071ce00000| PB 0x000000071ce00000| Untracked 
| 150|0x000000071d000000, 0x000000071d000000, 0x000000071d200000|  0%| F|  |TAMS 0x000000071d000000| PB 0x000000071d000000| Untracked 
| 151|0x000000071d200000, 0x000000071d200000, 0x000000071d400000|  0%| F|  |TAMS 0x000000071d200000| PB 0x000000071d200000| Untracked 
| 152|0x000000071d400000, 0x000000071d400000, 0x000000071d600000|  0%| F|  |TAMS 0x000000071d400000| PB 0x000000071d400000| Untracked 
| 153|0x000000071d600000, 0x000000071d600000, 0x000000071d800000|  0%| F|  |TAMS 0x000000071d600000| PB 0x000000071d600000| Untracked 
| 154|0x000000071d800000, 0x000000071d800000, 0x000000071da00000|  0%| F|  |TAMS 0x000000071d800000| PB 0x000000071d800000| Untracked 
| 155|0x000000071da00000, 0x000000071da00000, 0x000000071dc00000|  0%| F|  |TAMS 0x000000071da00000| PB 0x000000071da00000| Untracked 
| 156|0x000000071dc00000, 0x000000071dc00000, 0x000000071de00000|  0%| F|  |TAMS 0x000000071dc00000| PB 0x000000071dc00000| Untracked 
| 157|0x000000071de00000, 0x000000071de00000, 0x000000071e000000|  0%| F|  |TAMS 0x000000071de00000| PB 0x000000071de00000| Untracked 
| 158|0x000000071e000000, 0x000000071e000000, 0x000000071e200000|  0%| F|  |TAMS 0x000000071e000000| PB 0x000000071e000000| Untracked 
| 159|0x000000071e200000, 0x000000071e200000, 0x000000071e400000|  0%| F|  |TAMS 0x000000071e200000| PB 0x000000071e200000| Untracked 
| 160|0x000000071e400000, 0x000000071e400000, 0x000000071e600000|  0%| F|  |TAMS 0x000000071e400000| PB 0x000000071e400000| Untracked 
| 161|0x000000071e600000, 0x000000071e600000, 0x000000071e800000|  0%| F|  |TAMS 0x000000071e600000| PB 0x000000071e600000| Untracked 
| 162|0x000000071e800000, 0x000000071e800000, 0x000000071ea00000|  0%| F|  |TAMS 0x000000071e800000| PB 0x000000071e800000| Untracked 
| 163|0x000000071ea00000, 0x000000071ea00000, 0x000000071ec00000|  0%| F|  |TAMS 0x000000071ea00000| PB 0x000000071ea00000| Untracked 
| 164|0x000000071ec00000, 0x000000071ec00000, 0x000000071ee00000|  0%| F|  |TAMS 0x000000071ec00000| PB 0x000000071ec00000| Untracked 
| 165|0x000000071ee00000, 0x000000071ee00000, 0x000000071f000000|  0%| F|  |TAMS 0x000000071ee00000| PB 0x000000071ee00000| Untracked 
| 166|0x000000071f000000, 0x000000071f000000, 0x000000071f200000|  0%| F|  |TAMS 0x000000071f000000| PB 0x000000071f000000| Untracked 
| 167|0x000000071f200000, 0x000000071f200000, 0x000000071f400000|  0%| F|  |TAMS 0x000000071f200000| PB 0x000000071f200000| Untracked 
| 168|0x000000071f400000, 0x000000071f400000, 0x000000071f600000|  0%| F|  |TAMS 0x000000071f400000| PB 0x000000071f400000| Untracked 
| 169|0x000000071f600000, 0x000000071f600000, 0x000000071f800000|  0%| F|  |TAMS 0x000000071f600000| PB 0x000000071f600000| Untracked 
| 170|0x000000071f800000, 0x000000071f800000, 0x000000071fa00000|  0%| F|  |TAMS 0x000000071f800000| PB 0x000000071f800000| Untracked 
| 171|0x000000071fa00000, 0x000000071fa00000, 0x000000071fc00000|  0%| F|  |TAMS 0x000000071fa00000| PB 0x000000071fa00000| Untracked 
| 172|0x000000071fc00000, 0x000000071fc00000, 0x000000071fe00000|  0%| F|  |TAMS 0x000000071fc00000| PB 0x000000071fc00000| Untracked 
| 173|0x000000071fe00000, 0x000000071fe00000, 0x0000000720000000|  0%| F|  |TAMS 0x000000071fe00000| PB 0x000000071fe00000| Untracked 
| 174|0x0000000720000000, 0x0000000720000000, 0x0000000720200000|  0%| F|  |TAMS 0x0000000720000000| PB 0x0000000720000000| Untracked 
| 175|0x0000000720200000, 0x0000000720200000, 0x0000000720400000|  0%| F|  |TAMS 0x0000000720200000| PB 0x0000000720200000| Untracked 
| 176|0x0000000720400000, 0x0000000720400000, 0x0000000720600000|  0%| F|  |TAMS 0x0000000720400000| PB 0x0000000720400000| Untracked 
| 177|0x0000000720600000, 0x0000000720600000, 0x0000000720800000|  0%| F|  |TAMS 0x0000000720600000| PB 0x0000000720600000| Untracked 
| 178|0x0000000720800000, 0x0000000720800000, 0x0000000720a00000|  0%| F|  |TAMS 0x0000000720800000| PB 0x0000000720800000| Untracked 
| 179|0x0000000720a00000, 0x0000000720a00000, 0x0000000720c00000|  0%| F|  |TAMS 0x0000000720a00000| PB 0x0000000720a00000| Untracked 
| 180|0x0000000720c00000, 0x0000000720c00000, 0x0000000720e00000|  0%| F|  |TAMS 0x0000000720c00000| PB 0x0000000720c00000| Untracked 
| 181|0x0000000720e00000, 0x0000000720e00000, 0x0000000721000000|  0%| F|  |TAMS 0x0000000720e00000| PB 0x0000000720e00000| Untracked 
| 182|0x0000000721000000, 0x0000000721000000, 0x0000000721200000|  0%| F|  |TAMS 0x0000000721000000| PB 0x0000000721000000| Untracked 
| 183|0x0000000721200000, 0x0000000721200000, 0x0000000721400000|  0%| F|  |TAMS 0x0000000721200000| PB 0x0000000721200000| Untracked 
| 184|0x0000000721400000, 0x0000000721400000, 0x0000000721600000|  0%| F|  |TAMS 0x0000000721400000| PB 0x0000000721400000| Untracked 
| 185|0x0000000721600000, 0x0000000721600000, 0x0000000721800000|  0%| F|  |TAMS 0x0000000721600000| PB 0x0000000721600000| Untracked 
| 186|0x0000000721800000, 0x0000000721800000, 0x0000000721a00000|  0%| F|  |TAMS 0x0000000721800000| PB 0x0000000721800000| Untracked 
| 187|0x0000000721a00000, 0x0000000721a00000, 0x0000000721c00000|  0%| F|  |TAMS 0x0000000721a00000| PB 0x0000000721a00000| Untracked 
| 188|0x0000000721c00000, 0x0000000721c00000, 0x0000000721e00000|  0%| F|  |TAMS 0x0000000721c00000| PB 0x0000000721c00000| Untracked 
| 189|0x0000000721e00000, 0x0000000721e00000, 0x0000000722000000|  0%| F|  |TAMS 0x0000000721e00000| PB 0x0000000721e00000| Untracked 
| 190|0x0000000722000000, 0x0000000722000000, 0x0000000722200000|  0%| F|  |TAMS 0x0000000722000000| PB 0x0000000722000000| Untracked 
| 191|0x0000000722200000, 0x0000000722200000, 0x0000000722400000|  0%| F|  |TAMS 0x0000000722200000| PB 0x0000000722200000| Untracked 
| 192|0x0000000722400000, 0x0000000722400000, 0x0000000722600000|  0%| F|  |TAMS 0x0000000722400000| PB 0x0000000722400000| Untracked 
| 193|0x0000000722600000, 0x0000000722600000, 0x0000000722800000|  0%| F|  |TAMS 0x0000000722600000| PB 0x0000000722600000| Untracked 
| 194|0x0000000722800000, 0x0000000722800000, 0x0000000722a00000|  0%| F|  |TAMS 0x0000000722800000| PB 0x0000000722800000| Untracked 
| 195|0x0000000722a00000, 0x0000000722a00000, 0x0000000722c00000|  0%| F|  |TAMS 0x0000000722a00000| PB 0x0000000722a00000| Untracked 
| 196|0x0000000722c00000, 0x0000000722c00000, 0x0000000722e00000|  0%| F|  |TAMS 0x0000000722c00000| PB 0x0000000722c00000| Untracked 
| 197|0x0000000722e00000, 0x0000000722e00000, 0x0000000723000000|  0%| F|  |TAMS 0x0000000722e00000| PB 0x0000000722e00000| Untracked 
| 198|0x0000000723000000, 0x0000000723000000, 0x0000000723200000|  0%| F|  |TAMS 0x0000000723000000| PB 0x0000000723000000| Untracked 
| 199|0x0000000723200000, 0x0000000723200000, 0x0000000723400000|  0%| F|  |TAMS 0x0000000723200000| PB 0x0000000723200000| Untracked 
| 200|0x0000000723400000, 0x0000000723400000, 0x0000000723600000|  0%| F|  |TAMS 0x0000000723400000| PB 0x0000000723400000| Untracked 
| 201|0x0000000723600000, 0x0000000723600000, 0x0000000723800000|  0%| F|  |TAMS 0x0000000723600000| PB 0x0000000723600000| Untracked 
| 202|0x0000000723800000, 0x0000000723800000, 0x0000000723a00000|  0%| F|  |TAMS 0x0000000723800000| PB 0x0000000723800000| Untracked 
| 203|0x0000000723a00000, 0x0000000723a00000, 0x0000000723c00000|  0%| F|  |TAMS 0x0000000723a00000| PB 0x0000000723a00000| Untracked 
| 204|0x0000000723c00000, 0x0000000723c00000, 0x0000000723e00000|  0%| F|  |TAMS 0x0000000723c00000| PB 0x0000000723c00000| Untracked 
| 205|0x0000000723e00000, 0x0000000723e00000, 0x0000000724000000|  0%| F|  |TAMS 0x0000000723e00000| PB 0x0000000723e00000| Untracked 
| 206|0x0000000724000000, 0x0000000724000000, 0x0000000724200000|  0%| F|  |TAMS 0x0000000724000000| PB 0x0000000724000000| Untracked 
| 207|0x0000000724200000, 0x0000000724200000, 0x0000000724400000|  0%| F|  |TAMS 0x0000000724200000| PB 0x0000000724200000| Untracked 
| 208|0x0000000724400000, 0x0000000724400000, 0x0000000724600000|  0%| F|  |TAMS 0x0000000724400000| PB 0x0000000724400000| Untracked 
| 209|0x0000000724600000, 0x0000000724600000, 0x0000000724800000|  0%| F|  |TAMS 0x0000000724600000| PB 0x0000000724600000| Untracked 
| 210|0x0000000724800000, 0x0000000724800000, 0x0000000724a00000|  0%| F|  |TAMS 0x0000000724800000| PB 0x0000000724800000| Untracked 
| 211|0x0000000724a00000, 0x0000000724a00000, 0x0000000724c00000|  0%| F|  |TAMS 0x0000000724a00000| PB 0x0000000724a00000| Untracked 
| 212|0x0000000724c00000, 0x0000000724c00000, 0x0000000724e00000|  0%| F|  |TAMS 0x0000000724c00000| PB 0x0000000724c00000| Untracked 
| 213|0x0000000724e00000, 0x0000000724e00000, 0x0000000725000000|  0%| F|  |TAMS 0x0000000724e00000| PB 0x0000000724e00000| Untracked 
| 214|0x0000000725000000, 0x0000000725000000, 0x0000000725200000|  0%| F|  |TAMS 0x0000000725000000| PB 0x0000000725000000| Untracked 
| 215|0x0000000725200000, 0x0000000725200000, 0x0000000725400000|  0%| F|  |TAMS 0x0000000725200000| PB 0x0000000725200000| Untracked 
| 216|0x0000000725400000, 0x0000000725400000, 0x0000000725600000|  0%| F|  |TAMS 0x0000000725400000| PB 0x0000000725400000| Untracked 
| 217|0x0000000725600000, 0x0000000725600000, 0x0000000725800000|  0%| F|  |TAMS 0x0000000725600000| PB 0x0000000725600000| Untracked 
| 218|0x0000000725800000, 0x0000000725800000, 0x0000000725a00000|  0%| F|  |TAMS 0x0000000725800000| PB 0x0000000725800000| Untracked 
| 219|0x0000000725a00000, 0x0000000725a00000, 0x0000000725c00000|  0%| F|  |TAMS 0x0000000725a00000| PB 0x0000000725a00000| Untracked 
| 220|0x0000000725c00000, 0x0000000725c00000, 0x0000000725e00000|  0%| F|  |TAMS 0x0000000725c00000| PB 0x0000000725c00000| Untracked 
| 221|0x0000000725e00000, 0x0000000725e00000, 0x0000000726000000|  0%| F|  |TAMS 0x0000000725e00000| PB 0x0000000725e00000| Untracked 
| 222|0x0000000726000000, 0x0000000726000000, 0x0000000726200000|  0%| F|  |TAMS 0x0000000726000000| PB 0x0000000726000000| Untracked 
| 223|0x0000000726200000, 0x0000000726200000, 0x0000000726400000|  0%| F|  |TAMS 0x0000000726200000| PB 0x0000000726200000| Untracked 
| 224|0x0000000726400000, 0x0000000726400000, 0x0000000726600000|  0%| F|  |TAMS 0x0000000726400000| PB 0x0000000726400000| Untracked 
| 225|0x0000000726600000, 0x0000000726600000, 0x0000000726800000|  0%| F|  |TAMS 0x0000000726600000| PB 0x0000000726600000| Untracked 
| 226|0x0000000726800000, 0x0000000726800000, 0x0000000726a00000|  0%| F|  |TAMS 0x0000000726800000| PB 0x0000000726800000| Untracked 
| 227|0x0000000726a00000, 0x0000000726a00000, 0x0000000726c00000|  0%| F|  |TAMS 0x0000000726a00000| PB 0x0000000726a00000| Untracked 
| 228|0x0000000726c00000, 0x0000000726c00000, 0x0000000726e00000|  0%| F|  |TAMS 0x0000000726c00000| PB 0x0000000726c00000| Untracked 
| 229|0x0000000726e00000, 0x0000000726e00000, 0x0000000727000000|  0%| F|  |TAMS 0x0000000726e00000| PB 0x0000000726e00000| Untracked 
| 230|0x0000000727000000, 0x0000000727000000, 0x0000000727200000|  0%| F|  |TAMS 0x0000000727000000| PB 0x0000000727000000| Untracked 
| 231|0x0000000727200000, 0x0000000727200000, 0x0000000727400000|  0%| F|  |TAMS 0x0000000727200000| PB 0x0000000727200000| Untracked 
| 232|0x0000000727400000, 0x0000000727400000, 0x0000000727600000|  0%| F|  |TAMS 0x0000000727400000| PB 0x0000000727400000| Untracked 
| 233|0x0000000727600000, 0x0000000727600000, 0x0000000727800000|  0%| F|  |TAMS 0x0000000727600000| PB 0x0000000727600000| Untracked 
| 234|0x0000000727800000, 0x0000000727800000, 0x0000000727a00000|  0%| F|  |TAMS 0x0000000727800000| PB 0x0000000727800000| Untracked 
| 235|0x0000000727a00000, 0x0000000727a00000, 0x0000000727c00000|  0%| F|  |TAMS 0x0000000727a00000| PB 0x0000000727a00000| Untracked 
| 236|0x0000000727c00000, 0x0000000727c00000, 0x0000000727e00000|  0%| F|  |TAMS 0x0000000727c00000| PB 0x0000000727c00000| Untracked 
| 237|0x0000000727e00000, 0x0000000727e00000, 0x0000000728000000|  0%| F|  |TAMS 0x0000000727e00000| PB 0x0000000727e00000| Untracked 
| 238|0x0000000728000000, 0x0000000728000000, 0x0000000728200000|  0%| F|  |TAMS 0x0000000728000000| PB 0x0000000728000000| Untracked 
| 239|0x0000000728200000, 0x0000000728200000, 0x0000000728400000|  0%| F|  |TAMS 0x0000000728200000| PB 0x0000000728200000| Untracked 
| 240|0x0000000728400000, 0x0000000728400000, 0x0000000728600000|  0%| F|  |TAMS 0x0000000728400000| PB 0x0000000728400000| Untracked 
| 241|0x0000000728600000, 0x0000000728600000, 0x0000000728800000|  0%| F|  |TAMS 0x0000000728600000| PB 0x0000000728600000| Untracked 
| 242|0x0000000728800000, 0x0000000728800000, 0x0000000728a00000|  0%| F|  |TAMS 0x0000000728800000| PB 0x0000000728800000| Untracked 
| 243|0x0000000728a00000, 0x0000000728a00000, 0x0000000728c00000|  0%| F|  |TAMS 0x0000000728a00000| PB 0x0000000728a00000| Untracked 
| 244|0x0000000728c00000, 0x0000000728c00000, 0x0000000728e00000|  0%| F|  |TAMS 0x0000000728c00000| PB 0x0000000728c00000| Untracked 
| 245|0x0000000728e00000, 0x0000000728e00000, 0x0000000729000000|  0%| F|  |TAMS 0x0000000728e00000| PB 0x0000000728e00000| Untracked 
| 246|0x0000000729000000, 0x0000000729000000, 0x0000000729200000|  0%| F|  |TAMS 0x0000000729000000| PB 0x0000000729000000| Untracked 
| 247|0x0000000729200000, 0x0000000729200000, 0x0000000729400000|  0%| F|  |TAMS 0x0000000729200000| PB 0x0000000729200000| Untracked 
| 248|0x0000000729400000, 0x0000000729400000, 0x0000000729600000|  0%| F|  |TAMS 0x0000000729400000| PB 0x0000000729400000| Untracked 
| 249|0x0000000729600000, 0x0000000729600000, 0x0000000729800000|  0%| F|  |TAMS 0x0000000729600000| PB 0x0000000729600000| Untracked 
| 250|0x0000000729800000, 0x0000000729800000, 0x0000000729a00000|  0%| F|  |TAMS 0x0000000729800000| PB 0x0000000729800000| Untracked 
| 251|0x0000000729a00000, 0x0000000729a00000, 0x0000000729c00000|  0%| F|  |TAMS 0x0000000729a00000| PB 0x0000000729a00000| Untracked 
| 252|0x0000000729c00000, 0x0000000729c00000, 0x0000000729e00000|  0%| F|  |TAMS 0x0000000729c00000| PB 0x0000000729c00000| Untracked 
| 253|0x0000000729e00000, 0x0000000729e00000, 0x000000072a000000|  0%| F|  |TAMS 0x0000000729e00000| PB 0x0000000729e00000| Untracked 
| 254|0x000000072a000000, 0x000000072a000000, 0x000000072a200000|  0%| F|  |TAMS 0x000000072a000000| PB 0x000000072a000000| Untracked 
| 255|0x000000072a200000, 0x000000072a200000, 0x000000072a400000|  0%| F|  |TAMS 0x000000072a200000| PB 0x000000072a200000| Untracked 
| 256|0x000000072a400000, 0x000000072a400000, 0x000000072a600000|  0%| F|  |TAMS 0x000000072a400000| PB 0x000000072a400000| Untracked 
| 257|0x000000072a600000, 0x000000072a600000, 0x000000072a800000|  0%| F|  |TAMS 0x000000072a600000| PB 0x000000072a600000| Untracked 
| 258|0x000000072a800000, 0x000000072a800000, 0x000000072aa00000|  0%| F|  |TAMS 0x000000072a800000| PB 0x000000072a800000| Untracked 
| 259|0x000000072aa00000, 0x000000072aa00000, 0x000000072ac00000|  0%| F|  |TAMS 0x000000072aa00000| PB 0x000000072aa00000| Untracked 
| 260|0x000000072ac00000, 0x000000072ac00000, 0x000000072ae00000|  0%| F|  |TAMS 0x000000072ac00000| PB 0x000000072ac00000| Untracked 
| 261|0x000000072ae00000, 0x000000072ae00000, 0x000000072b000000|  0%| F|  |TAMS 0x000000072ae00000| PB 0x000000072ae00000| Untracked 
| 262|0x000000072b000000, 0x000000072b000000, 0x000000072b200000|  0%| F|  |TAMS 0x000000072b000000| PB 0x000000072b000000| Untracked 
| 263|0x000000072b200000, 0x000000072b200000, 0x000000072b400000|  0%| F|  |TAMS 0x000000072b200000| PB 0x000000072b200000| Untracked 
| 264|0x000000072b400000, 0x000000072b400000, 0x000000072b600000|  0%| F|  |TAMS 0x000000072b400000| PB 0x000000072b400000| Untracked 
| 265|0x000000072b600000, 0x000000072b600000, 0x000000072b800000|  0%| F|  |TAMS 0x000000072b600000| PB 0x000000072b600000| Untracked 
| 266|0x000000072b800000, 0x000000072b800000, 0x000000072ba00000|  0%| F|  |TAMS 0x000000072b800000| PB 0x000000072b800000| Untracked 
| 267|0x000000072ba00000, 0x000000072ba00000, 0x000000072bc00000|  0%| F|  |TAMS 0x000000072ba00000| PB 0x000000072ba00000| Untracked 
| 268|0x000000072bc00000, 0x000000072bc00000, 0x000000072be00000|  0%| F|  |TAMS 0x000000072bc00000| PB 0x000000072bc00000| Untracked 
| 269|0x000000072be00000, 0x000000072be00000, 0x000000072c000000|  0%| F|  |TAMS 0x000000072be00000| PB 0x000000072be00000| Untracked 
| 270|0x000000072c000000, 0x000000072c000000, 0x000000072c200000|  0%| F|  |TAMS 0x000000072c000000| PB 0x000000072c000000| Untracked 
| 271|0x000000072c200000, 0x000000072c200000, 0x000000072c400000|  0%| F|  |TAMS 0x000000072c200000| PB 0x000000072c200000| Untracked 
| 272|0x000000072c400000, 0x000000072c400000, 0x000000072c600000|  0%| F|  |TAMS 0x000000072c400000| PB 0x000000072c400000| Untracked 
| 273|0x000000072c600000, 0x000000072c600000, 0x000000072c800000|  0%| F|  |TAMS 0x000000072c600000| PB 0x000000072c600000| Untracked 
| 274|0x000000072c800000, 0x000000072c800000, 0x000000072ca00000|  0%| F|  |TAMS 0x000000072c800000| PB 0x000000072c800000| Untracked 
| 275|0x000000072ca00000, 0x000000072ca00000, 0x000000072cc00000|  0%| F|  |TAMS 0x000000072ca00000| PB 0x000000072ca00000| Untracked 
| 276|0x000000072cc00000, 0x000000072cc00000, 0x000000072ce00000|  0%| F|  |TAMS 0x000000072cc00000| PB 0x000000072cc00000| Untracked 
| 277|0x000000072ce00000, 0x000000072ce00000, 0x000000072d000000|  0%| F|  |TAMS 0x000000072ce00000| PB 0x000000072ce00000| Untracked 
| 278|0x000000072d000000, 0x000000072d000000, 0x000000072d200000|  0%| F|  |TAMS 0x000000072d000000| PB 0x000000072d000000| Untracked 
| 279|0x000000072d200000, 0x000000072d200000, 0x000000072d400000|  0%| F|  |TAMS 0x000000072d200000| PB 0x000000072d200000| Untracked 
| 280|0x000000072d400000, 0x000000072d400000, 0x000000072d600000|  0%| F|  |TAMS 0x000000072d400000| PB 0x000000072d400000| Untracked 
| 281|0x000000072d600000, 0x000000072d600000, 0x000000072d800000|  0%| F|  |TAMS 0x000000072d600000| PB 0x000000072d600000| Untracked 
| 282|0x000000072d800000, 0x000000072d800000, 0x000000072da00000|  0%| F|  |TAMS 0x000000072d800000| PB 0x000000072d800000| Untracked 
| 283|0x000000072da00000, 0x000000072da00000, 0x000000072dc00000|  0%| F|  |TAMS 0x000000072da00000| PB 0x000000072da00000| Untracked 
| 284|0x000000072dc00000, 0x000000072dc00000, 0x000000072de00000|  0%| F|  |TAMS 0x000000072dc00000| PB 0x000000072dc00000| Untracked 
| 285|0x000000072de00000, 0x000000072e000000, 0x000000072e000000|100%|HS|  |TAMS 0x000000072de00000| PB 0x000000072de00000| Complete 
| 286|0x000000072e000000, 0x000000072e200000, 0x000000072e200000|100%|HC|  |TAMS 0x000000072e000000| PB 0x000000072e000000| Complete 
| 287|0x000000072e200000, 0x000000072e400000, 0x000000072e400000|100%|HS|  |TAMS 0x000000072e200000| PB 0x000000072e200000| Complete 
| 288|0x000000072e400000, 0x000000072e600000, 0x000000072e600000|100%|HC|  |TAMS 0x000000072e400000| PB 0x000000072e400000| Complete 
| 289|0x000000072e600000, 0x000000072e800000, 0x000000072e800000|100%|HS|  |TAMS 0x000000072e600000| PB 0x000000072e600000| Complete 
| 290|0x000000072e800000, 0x000000072ea00000, 0x000000072ea00000|100%|HC|  |TAMS 0x000000072e800000| PB 0x000000072e800000| Complete 
| 291|0x000000072ea00000, 0x000000072ec00000, 0x000000072ec00000|100%|HS|  |TAMS 0x000000072ea00000| PB 0x000000072ea00000| Complete 
| 292|0x000000072ec00000, 0x000000072ee00000, 0x000000072ee00000|100%|HC|  |TAMS 0x000000072ec00000| PB 0x000000072ec00000| Complete 
| 293|0x000000072ee00000, 0x000000072ee36fe0, 0x000000072f000000| 10%| S|CS|TAMS 0x000000072ee00000| PB 0x000000072ee00000| Complete 

Card table byte_map: [0x0000020edef90000,0x0000020edf740000] _byte_map_base: 0x0000020edb73e000

Marking Bits: (CMBitMap*) 0x0000020ec6c1ec30
 Bits: [0x0000020edf740000, 0x0000020ee34b0000)

Polling page: 0x0000020ec4b10000

Metaspace:

Usage:
  Non-class:      9.08 MB used.
      Class:    997.12 KB used.
       Both:     10.05 MB used.

Virtual space:
  Non-class space:       64.00 MB reserved,       9.19 MB ( 14%) committed,  1 nodes.
      Class space:        1.00 GB reserved,       1.06 MB ( <1%) committed,  1 nodes.
             Both:        1.06 GB reserved,      10.25 MB ( <1%) committed. 

Chunk freelists:
   Non-Class:  6.20 MB
       Class:  14.96 MB
        Both:  21.16 MB

MaxMetaspaceSize: unlimited
CompressedClassSpaceSize: 1.00 GB
Initial GC threshold: 21.00 MB
Current GC threshold: 21.00 MB
CDS: on
 - commit_granule_bytes: 65536.
 - commit_granule_words: 8192.
 - virtual_space_node_default_size: 8388608.
 - enlarge_chunks_in_place: 1.
 - use_allocation_guard: 0.


Internal statistics:

num_allocs_failed_limit: 0.
num_arena_births: 208.
num_arena_deaths: 0.
num_vsnodes_births: 2.
num_vsnodes_deaths: 0.
num_space_committed: 164.
num_space_uncommitted: 0.
num_chunks_returned_to_freelist: 0.
num_chunks_taken_from_freelist: 377.
num_chunk_merges: 0.
num_chunk_splits: 244.
num_chunks_enlarged: 158.
num_inconsistent_stats: 0.

CodeHeap 'non-profiled nmethods': size=120000Kb used=824Kb max_used=824Kb free=119175Kb
 bounds [0x0000020ed6d60000, 0x0000020ed6fd0000, 0x0000020ede290000]
CodeHeap 'profiled nmethods': size=120000Kb used=2480Kb max_used=2537Kb free=117519Kb
 bounds [0x0000020ecf290000, 0x0000020ecf520000, 0x0000020ed67c0000]
CodeHeap 'non-nmethods': size=5760Kb used=1687Kb max_used=1709Kb free=4072Kb
 bounds [0x0000020ed67c0000, 0x0000020ed6a30000, 0x0000020ed6d60000]
 total_blobs=2143 nmethods=1467 adapters=581
 compilation: enabled
              stopped_count=0, restarted_count=0
 full_count=0

Compilation events (20 events):
Event: 600.146 Thread 0x0000020ee62c1b10 1657       3       java.nio.HeapByteBuffer::ix (7 bytes)
Event: 600.146 Thread 0x0000020ee62c1b10 nmethod 1657 0x0000020ecf4c4f90 code [0x0000020ecf4c5120, 0x0000020ecf4c5230]
Event: 600.146 Thread 0x0000020ee62c1b10 1650       3       jdk.internal.misc.Unsafe::getCharUnaligned (34 bytes)
Event: 600.146 Thread 0x0000020ee62c1b10 nmethod 1650 0x0000020ecf2d0690 code [0x0000020ecf2d0860, 0x0000020ecf2d0c28]
Event: 600.146 Thread 0x0000020ee62c1b10 1658       3       java.lang.ThreadLocal::get (35 bytes)
Event: 600.146 Thread 0x0000020ee62c1b10 nmethod 1658 0x0000020ecf2d0010 code [0x0000020ecf2d01e0, 0x0000020ecf2d0528]
Event: 600.146 Thread 0x0000020ee62c1b10 1659       3       jdk.internal.misc.CarrierThreadLocal::get (10 bytes)
Event: 600.146 Thread 0x0000020ee62c1b10 nmethod 1659 0x0000020ecf2cfa90 code [0x0000020ecf2cfc40, 0x0000020ecf2cff08]
Event: 600.146 Thread 0x0000020ee62c1b10 1664       3       java.nio.Buffer::clear (20 bytes)
Event: 600.146 Thread 0x0000020ee62c1b10 nmethod 1664 0x0000020ecf2b9790 code [0x0000020ecf2b9920, 0x0000020ecf2b9a40]
Event: 600.146 Thread 0x0000020ee62c1b10 1660       3       java.lang.System$2::getCarrierThreadLocal (5 bytes)
Event: 600.146 Thread 0x0000020ee62c1b10 nmethod 1660 0x0000020ecf2cf590 code [0x0000020ecf2cf740, 0x0000020ecf2cf9a0]
Event: 600.146 Thread 0x0000020ee62c1b10 1661       3       java.lang.ThreadLocal::getCarrierThreadLocal (29 bytes)
Event: 600.146 Thread 0x0000020ee62c1b10 nmethod 1661 0x0000020ecf2cf190 code [0x0000020ecf2cf340, 0x0000020ecf2cf4b8]
Event: 600.146 Thread 0x0000020ee62c1b10 1662       3       java.lang.ThreadLocal$ThreadLocalMap::getEntry (42 bytes)
Event: 600.147 Thread 0x0000020ee62c1b10 nmethod 1662 0x0000020ecf2cea10 code [0x0000020ecf2cebe0, 0x0000020ecf2cefc0]
Event: 600.147 Thread 0x0000020ee62c1b10 1663       3       java.nio.ByteBuffer::limit (8 bytes)
Event: 600.147 Thread 0x0000020ee62c1b10 nmethod 1663 0x0000020ecf2ce510 code [0x0000020ecf2ce6c0, 0x0000020ecf2ce818]
Event: 600.147 Thread 0x0000020ee62c1b10 1666       3       java.nio.ByteBuffer::flip (7 bytes)
Event: 600.147 Thread 0x0000020ee62c1b10 nmethod 1666 0x0000020ecf410010 code [0x0000020ecf4101a0, 0x0000020ecf410320]

GC Heap History (17 events):
Event: 1.203 GC heap before
{Heap before GC invocations=0 (full 0):
 garbage-first heap   total 251904K, used 10240K [0x000000070a400000, 0x0000000800000000)
  region size 2048K, 6 young (12288K), 0 survivors (0K)
 Metaspace       used 6759K, committed 6976K, reserved 1114112K
  class space    used 646K, committed 768K, reserved 1048576K
}
Event: 1.206 GC heap after
{Heap after GC invocations=1 (full 0):
 garbage-first heap   total 251904K, used 4096K [0x000000070a400000, 0x0000000800000000)
  region size 2048K, 1 young (2048K), 1 survivors (2048K)
 Metaspace       used 6759K, committed 6976K, reserved 1114112K
  class space    used 646K, committed 768K, reserved 1048576K
}
Event: 1.537 GC heap before
{Heap before GC invocations=1 (full 0):
 garbage-first heap   total 251904K, used 10240K [0x000000070a400000, 0x0000000800000000)
  region size 2048K, 6 young (12288K), 1 survivors (2048K)
 Metaspace       used 9272K, committed 9472K, reserved 1114112K
  class space    used 902K, committed 960K, reserved 1048576K
}
Event: 1.541 GC heap after
{Heap after GC invocations=2 (full 1):
 garbage-first heap   total 49152K, used 5023K [0x000000070a400000, 0x0000000800000000)
  region size 2048K, 0 young (0K), 0 survivors (0K)
 Metaspace       used 9272K, committed 9472K, reserved 1114112K
  class space    used 902K, committed 960K, reserved 1048576K
}
Event: 140.416 GC heap before
{Heap before GC invocations=2 (full 1):
 garbage-first heap   total 49152K, used 9119K [0x000000070a400000, 0x0000000800000000)
  region size 2048K, 2 young (4096K), 0 survivors (0K)
 Metaspace       used 9300K, committed 9472K, reserved 1114112K
  class space    used 903K, committed 960K, reserved 1048576K
}
Event: 140.417 GC heap after
{Heap after GC invocations=3 (full 1):
 garbage-first heap   total 49152K, used 5232K [0x000000070a400000, 0x0000000800000000)
  region size 2048K, 1 young (2048K), 1 survivors (2048K)
 Metaspace       used 9300K, committed 9472K, reserved 1114112K
  class space    used 903K, committed 960K, reserved 1048576K
}
Event: 193.791 GC heap before
{Heap before GC invocations=3 (full 1):
 garbage-first heap   total 49152K, used 13424K [0x000000070a400000, 0x0000000800000000)
  region size 2048K, 3 young (6144K), 1 survivors (2048K)
 Metaspace       used 9497K, committed 9792K, reserved 1114112K
  class space    used 923K, committed 1088K, reserved 1048576K
}
Event: 193.792 GC heap after
{Heap after GC invocations=4 (full 1):
 garbage-first heap   total 49152K, used 11236K [0x000000070a400000, 0x0000000800000000)
  region size 2048K, 1 young (2048K), 1 survivors (2048K)
 Metaspace       used 9497K, committed 9792K, reserved 1114112K
  class space    used 923K, committed 1088K, reserved 1048576K
}
Event: 193.809 GC heap before
{Heap before GC invocations=4 (full 1):
 garbage-first heap   total 49152K, used 15332K [0x000000070a400000, 0x0000000800000000)
  region size 2048K, 2 young (4096K), 1 survivors (2048K)
 Metaspace       used 9508K, committed 9792K, reserved 1114112K
  class space    used 923K, committed 1088K, reserved 1048576K
}
Event: 193.815 GC heap after
{Heap after GC invocations=5 (full 2):
 garbage-first heap   total 49152K, used 13870K [0x000000070a400000, 0x0000000800000000)
  region size 2048K, 0 young (0K), 0 survivors (0K)
 Metaspace       used 9508K, committed 9792K, reserved 1114112K
  class space    used 923K, committed 1088K, reserved 1048576K
}
Event: 193.850 GC heap before
{Heap before GC invocations=5 (full 2):
 garbage-first heap   total 49152K, used 17966K [0x000000070a400000, 0x0000000800000000)
  region size 2048K, 1 young (2048K), 0 survivors (0K)
 Metaspace       used 9555K, committed 9856K, reserved 1114112K
  class space    used 930K, committed 1088K, reserved 1048576K
}
Event: 193.850 GC heap after
{Heap after GC invocations=6 (full 2):
 garbage-first heap   total 49152K, used 17992K [0x000000070a400000, 0x0000000800000000)
  region size 2048K, 1 young (2048K), 1 survivors (2048K)
 Metaspace       used 9555K, committed 9856K, reserved 1114112K
  class space    used 930K, committed 1088K, reserved 1048576K
}
Event: 193.852 GC heap before
{Heap before GC invocations=6 (full 2):
 garbage-first heap   total 49152K, used 22088K [0x000000070a400000, 0x0000000800000000)
  region size 2048K, 2 young (4096K), 1 survivors (2048K)
 Metaspace       used 9555K, committed 9856K, reserved 1114112K
  class space    used 930K, committed 1088K, reserved 1048576K
}
Event: 193.857 GC heap after
{Heap after GC invocations=7 (full 3):
 garbage-first heap   total 49152K, used 22076K [0x000000070a400000, 0x0000000800000000)
  region size 2048K, 0 young (0K), 0 survivors (0K)
 Metaspace       used 9555K, committed 9856K, reserved 1114112K
  class space    used 930K, committed 1088K, reserved 1048576K
}
Event: 193.857 GC heap before
{Heap before GC invocations=7 (full 3):
 garbage-first heap   total 49152K, used 22076K [0x000000070a400000, 0x0000000800000000)
  region size 2048K, 1 young (2048K), 0 survivors (0K)
 Metaspace       used 9555K, committed 9856K, reserved 1114112K
  class space    used 930K, committed 1088K, reserved 1048576K
}
Event: 193.858 GC heap after
{Heap after GC invocations=8 (full 3):
 garbage-first heap   total 49152K, used 22082K [0x000000070a400000, 0x0000000800000000)
  region size 2048K, 1 young (2048K), 1 survivors (2048K)
 Metaspace       used 9555K, committed 9856K, reserved 1114112K
  class space    used 930K, committed 1088K, reserved 1048576K
}
Event: 600.147 GC heap before
{Heap before GC invocations=9 (full 3):
 garbage-first heap   total 600064K, used 593474K [0x000000070a400000, 0x0000000800000000)
  region size 2048K, 7 young (14336K), 1 survivors (2048K)
 Metaspace       used 10294K, committed 10496K, reserved 1114112K
  class space    used 997K, committed 1088K, reserved 1048576K
}

Dll operation events (20 events):
Event: 1.316 Loaded shared library C:\Users\willi\.openjfx\cache\21.0.3+2\amd64\api-ms-win-crt-locale-l1-1-0.dll
Event: 1.318 Loaded shared library C:\Users\willi\.openjfx\cache\21.0.3+2\amd64\api-ms-win-crt-math-l1-1-0.dll
Event: 1.321 Loaded shared library C:\Users\willi\.openjfx\cache\21.0.3+2\amd64\api-ms-win-crt-multibyte-l1-1-0.dll
Event: 1.324 Loaded shared library C:\Users\willi\.openjfx\cache\21.0.3+2\amd64\api-ms-win-crt-private-l1-1-0.dll
Event: 1.327 Loaded shared library C:\Users\willi\.openjfx\cache\21.0.3+2\amd64\api-ms-win-crt-process-l1-1-0.dll
Event: 1.329 Loaded shared library C:\Users\willi\.openjfx\cache\21.0.3+2\amd64\api-ms-win-crt-runtime-l1-1-0.dll
Event: 1.332 Loaded shared library C:\Users\willi\.openjfx\cache\21.0.3+2\amd64\api-ms-win-crt-stdio-l1-1-0.dll
Event: 1.334 Loaded shared library C:\Users\willi\.openjfx\cache\21.0.3+2\amd64\api-ms-win-crt-string-l1-1-0.dll
Event: 1.337 Loaded shared library C:\Users\willi\.openjfx\cache\21.0.3+2\amd64\api-ms-win-crt-time-l1-1-0.dll
Event: 1.339 Loaded shared library C:\Users\willi\.openjfx\cache\21.0.3+2\amd64\api-ms-win-crt-utility-l1-1-0.dll
Event: 1.350 Loaded shared library C:\Users\willi\.openjfx\cache\21.0.3+2\amd64\ucrtbase.dll
Event: 1.353 Loaded shared library C:\Users\willi\.openjfx\cache\21.0.3+2\amd64\vcruntime140.dll
Event: 1.356 Loaded shared library C:\Users\willi\.openjfx\cache\21.0.3+2\amd64\vcruntime140_1.dll
Event: 1.362 Loaded shared library C:\Users\willi\.openjfx\cache\21.0.3+2\amd64\msvcp140.dll
Event: 1.365 Loaded shared library C:\Users\willi\.openjfx\cache\21.0.3+2\amd64\msvcp140_1.dll
Event: 1.369 Loaded shared library C:\Users\willi\.openjfx\cache\21.0.3+2\amd64\msvcp140_2.dll
Event: 1.395 Loaded shared library C:\Users\willi\.openjfx\cache\21.0.3+2\amd64\prism_d3d.dll
Event: 1.423 Loaded shared library C:\Users\willi\.openjfx\cache\21.0.3+2\amd64\glass.dll
Event: 600.128 Loaded shared library C:\Program Files\Greenfoot\jdk\bin\freetype.dll
Event: 600.129 Loaded shared library C:\Program Files\Greenfoot\jdk\bin\fontmanager.dll

Deoptimization events (20 events):
Event: 600.089 Thread 0x0000020ee696b530 DEOPT PACKING pc=0x0000020ecf4f79f0 sp=0x000000ebc14fe5d0
Event: 600.089 Thread 0x0000020ee696b530 DEOPT UNPACKING pc=0x0000020ed6814e42 sp=0x000000ebc14fdaa8 mode 0
Event: 600.089 Thread 0x0000020ee696b530 DEOPT PACKING pc=0x0000020ecf4f79f0 sp=0x000000ebc14fe5d0
Event: 600.089 Thread 0x0000020ee696b530 DEOPT UNPACKING pc=0x0000020ed6814e42 sp=0x000000ebc14fdaa8 mode 0
Event: 600.089 Thread 0x0000020ee696b530 DEOPT PACKING pc=0x0000020ecf4f79f0 sp=0x000000ebc14fe5d0
Event: 600.089 Thread 0x0000020ee696b530 DEOPT UNPACKING pc=0x0000020ed6814e42 sp=0x000000ebc14fdaa8 mode 0
Event: 600.103 Thread 0x0000020ee696b530 DEOPT PACKING pc=0x0000020ecf3fafd1 sp=0x000000ebc14fb090
Event: 600.103 Thread 0x0000020ee696b530 DEOPT UNPACKING pc=0x0000020ed6814e42 sp=0x000000ebc14fa500 mode 1
Event: 600.105 Thread 0x0000020ee696b530 DEOPT PACKING pc=0x0000020ecf42cbfc sp=0x000000ebc14fead0
Event: 600.105 Thread 0x0000020ee696b530 DEOPT UNPACKING pc=0x0000020ed6814e42 sp=0x000000ebc14fe078 mode 1
Event: 600.105 Thread 0x0000020ee696b530 DEOPT PACKING pc=0x0000020ecf43886c sp=0x000000ebc14fec80
Event: 600.105 Thread 0x0000020ee696b530 DEOPT UNPACKING pc=0x0000020ed6814e42 sp=0x000000ebc14fe148 mode 1
Event: 600.119 Thread 0x0000020ee696b530 Uncommon trap: trap_request=0xffffff45 fr.pc=0x0000020ed6dadcfc relative=0x000000000000075c
Event: 600.119 Thread 0x0000020ee696b530 Uncommon trap: reason=unstable_if action=reinterpret pc=0x0000020ed6dadcfc method=java.util.regex.Matcher.search(I)Z @ 30 c2
Event: 600.119 Thread 0x0000020ee696b530 DEOPT PACKING pc=0x0000020ed6dadcfc sp=0x000000ebc14feef0
Event: 600.119 Thread 0x0000020ee696b530 DEOPT UNPACKING pc=0x0000020ed68146a2 sp=0x000000ebc14feee0 mode 2
Event: 600.135 Thread 0x0000020ee696b530 Uncommon trap: trap_request=0xffffff45 fr.pc=0x0000020ed6da8484 relative=0x00000000000003c4
Event: 600.135 Thread 0x0000020ee696b530 Uncommon trap: reason=unstable_if action=reinterpret pc=0x0000020ed6da8484 method=java.lang.StringUTF16.compress([CII)[B @ 13 c2
Event: 600.135 Thread 0x0000020ee696b530 DEOPT PACKING pc=0x0000020ed6da8484 sp=0x000000ebc14fe610
Event: 600.135 Thread 0x0000020ee696b530 DEOPT UNPACKING pc=0x0000020ed68146a2 sp=0x000000ebc14fe518 mode 2

Classes loaded (20 events):
Event: 600.143 Loading class sun/font/FontScaler
Event: 600.143 Loading class sun/font/FontScaler done
Event: 600.144 Loading class sun/font/FreetypeFontScaler
Event: 600.144 Loading class sun/font/FreetypeFontScaler done
Event: 600.144 Loading class sun/font/TrueTypeGlyphMapper
Event: 600.144 Loading class sun/font/TrueTypeGlyphMapper done
Event: 600.144 Loading class sun/font/CMap
Event: 600.144 Loading class sun/font/CMap done
Event: 600.144 Loading class sun/font/CMap$NullCMapClass
Event: 600.144 Loading class sun/font/CMap$NullCMapClass done
Event: 600.144 Loading class sun/font/CMap$CMapFormat4
Event: 600.144 Loading class sun/font/CMap$CMapFormat4 done
Event: 600.144 Loading class java/nio/ByteBufferAsCharBufferB
Event: 600.145 Loading class java/nio/ByteBufferAsCharBufferB done
Event: 600.146 Loading class sun/font/CoreMetrics
Event: 600.146 Loading class sun/font/CoreMetrics done
Event: 600.146 Loading class sun/font/FontLineMetrics
Event: 600.147 Loading class java/awt/font/LineMetrics
Event: 600.147 Loading class java/awt/font/LineMetrics done
Event: 600.147 Loading class sun/font/FontLineMetrics done

Classes unloaded (0 events):
No events

Classes redefined (0 events):
No events

Internal exceptions (20 events):
Event: 0.672 Thread 0x0000020ee6967a20 Exception <a 'java/lang/NoSuchMethodError'{0x00000007192d2758}: 'java.lang.Object java.lang.invoke.DirectMethodHandle$Holder.invokeStatic(java.lang.Object, java.lang.Object, int)'> (0x00000007192d2758) 
thrown [s\src\hotspot\share\interpreter\linkResolver.cpp, line 773]
Event: 0.673 Thread 0x0000020ee6967a20 Exception <a 'java/lang/NoSuchMethodError'{0x00000007192dd230}: 'void java.lang.invoke.DelegatingMethodHandle$Holder.delegate(java.lang.Object, java.lang.Object, int, java.lang.Object)'> (0x00000007192dd230) 
thrown [s\src\hotspot\share\interpreter\linkResolver.cpp, line 773]
Event: 0.673 Thread 0x0000020ee6967a20 Exception <a 'java/lang/NoSuchMethodError'{0x00000007192e1428}: 'int java.lang.invoke.DirectMethodHandle$Holder.invokeSpecial(java.lang.Object, java.lang.Object, java.lang.Object)'> (0x00000007192e1428) 
thrown [s\src\hotspot\share\interpreter\linkResolver.cpp, line 773]
Event: 0.723 Thread 0x0000020ee6966d00 Exception <a 'java/lang/ClassNotFoundException'{0x00000007190c3f38}: sun/net/www/protocol/c/Handler> (0x00000007190c3f38) 
thrown [s\src\hotspot\share\classfile\systemDictionary.cpp, line 312]
Event: 0.756 Thread 0x0000020ee6966d00 Exception <a 'java/lang/NoSuchMethodError'{0x00000007191280e8}: 'java.lang.Object java.lang.invoke.DirectMethodHandle$Holder.invokeStaticInit(java.lang.Object, int, int, int, int)'> (0x00000007191280e8) 
thrown [s\src\hotspot\share\interpreter\linkResolver.cpp, line 773]
Event: 0.778 Thread 0x0000020ee6966d00 Exception <a 'java/lang/NoSuchMethodError'{0x00000007191eba48}: 'java.lang.Object java.lang.invoke.DirectMethodHandle$Holder.invokeStaticInit(java.lang.Object, java.lang.Object, int, int, int, int)'> (0x00000007191eba48) 
thrown [s\src\hotspot\share\interpreter\linkResolver.cpp, line 773]
Event: 1.170 Thread 0x0000020ee6967390 Exception <a 'java/lang/NoSuchMethodError'{0x0000000718ec05b0}: 'void java.lang.invoke.DirectMethodHandle$Holder.invokeSpecial(java.lang.Object, java.lang.Object, java.lang.Object)'> (0x0000000718ec05b0) 
thrown [s\src\hotspot\share\interpreter\linkResolver.cpp, line 773]
Event: 1.171 Thread 0x0000020ee6967390 Exception <a 'java/lang/NoSuchMethodError'{0x0000000718eca928}: 'void java.lang.invoke.DirectMethodHandle$Holder.invokeStatic(java.lang.Object, java.lang.Object, java.lang.Object)'> (0x0000000718eca928) 
thrown [s\src\hotspot\share\interpreter\linkResolver.cpp, line 773]
Event: 1.195 Thread 0x0000020ee69680b0 Exception <a 'java/lang/ClassNotFoundException'{0x0000000718fc26d0}: sun/util/logging/resources/spi/loggingProvider> (0x0000000718fc26d0) 
thrown [s\src\hotspot\share\classfile\systemDictionary.cpp, line 312]
Event: 1.410 Thread 0x0000020ee69680b0 Exception <a 'java/lang/NoSuchMethodError'{0x000000071952bb88}: 'int java.lang.invoke.DirectMethodHandle$Holder.invokeStaticInit(java.lang.Object, java.lang.Object, java.lang.Object)'> (0x000000071952bb88) 
thrown [s\src\hotspot\share\interpreter\linkResolver.cpp, line 773]
Event: 1.425 Thread 0x0000020ee69680b0 Exception <a 'java/lang/NoSuchMethodError'{0x00000007195c31e0}: 'java.lang.Object java.lang.invoke.DirectMethodHandle$Holder.newInvokeSpecial(java.lang.Object, java.lang.Object, int, java.lang.Object)'> (0x00000007195c31e0) 
thrown [s\src\hotspot\share\interpreter\linkResolver.cpp, line 773]
Event: 1.426 Thread 0x0000020ee69680b0 Exception <a 'java/lang/NoSuchMethodError'{0x00000007195c6ea8}: 'java.lang.Object java.lang.invoke.DirectMethodHandle$Holder.invokeSpecial(java.lang.Object, java.lang.Object, java.lang.Object, int, java.lang.Object)'> (0x00000007195c6ea8) 
thrown [s\src\hotspot\share\interpreter\linkResolver.cpp, line 773]
Event: 1.426 Thread 0x0000020ee69680b0 Exception <a 'java/lang/NoSuchMethodError'{0x00000007195cda78}: 'void java.lang.invoke.DirectMethodHandle$Holder.invokeSpecial(java.lang.Object, java.lang.Object, int, java.lang.Object)'> (0x00000007195cda78) 
thrown [s\src\hotspot\share\interpreter\linkResolver.cpp, line 773]
Event: 1.486 Thread 0x0000020ee6968740 Exception <a 'java/lang/NoSuchMethodError'{0x000000071939d400}: 'void java.lang.invoke.DirectMethodHandle$Holder.invokeStaticInit(java.lang.Object)'> (0x000000071939d400) 
thrown [s\src\hotspot\share\interpreter\linkResolver.cpp, line 773]
Event: 1.494 Thread 0x0000020ee6967390 Exception <a 'java/lang/NoSuchMethodError'{0x00000007193edac0}: 'int java.lang.invoke.DirectMethodHandle$Holder.invokeSpecial(java.lang.Object, java.lang.Object, java.lang.Object, int)'> (0x00000007193edac0) 
thrown [s\src\hotspot\share\interpreter\linkResolver.cpp, line 773]
Event: 1.495 Thread 0x0000020ee6967390 Exception <a 'java/lang/NoSuchMethodError'{0x0000000719000208}: 'java.lang.Object java.lang.invoke.DirectMethodHandle$Holder.invokeStatic(java.lang.Object, java.lang.Object, java.lang.Object, java.lang.Object, int)'> (0x0000000719000208) 
thrown [s\src\hotspot\share\interpreter\linkResolver.cpp, line 773]
Event: 1.495 Thread 0x0000020ee6967390 Exception <a 'java/lang/NoSuchMethodError'{0x0000000719007d48}: 'long java.lang.invoke.DirectMethodHandle$Holder.invokeStatic(java.lang.Object, java.lang.Object, int)'> (0x0000000719007d48) 
thrown [s\src\hotspot\share\interpreter\linkResolver.cpp, line 773]
Event: 1.496 Thread 0x0000020ee6967390 Exception <a 'java/lang/NoSuchMethodError'{0x00000007190123b0}: 'java.lang.Object java.lang.invoke.DelegatingMethodHandle$Holder.reinvoke_L(java.lang.Object, int, long, java.lang.Object, java.lang.Object, int, java.lang.Object)'> (0x00000007190123b0) 
thrown [s\src\hotspot\share\interpreter\linkResolver.cpp, line 773]
Event: 193.754 Thread 0x0000020ee6969460 Exception <a 'java/lang/NoSuchMethodError'{0x000000070d135b48}: 'void java.lang.invoke.DirectMethodHandle$Holder.invokeInterface(java.lang.Object, java.lang.Object)'> (0x000000070d135b48) 
thrown [s\src\hotspot\share\interpreter\linkResolver.cpp, line 773]
Event: 597.890 Thread 0x0000020ee696b530 Implicit null exception at 0x0000020ed6dd0c6f to 0x0000020ed6dd0fe8

ZGC Phase Switch (0 events):
No events

VM Operations (20 events):
Event: 193.861 Executing VM operation: G1PauseCleanup done
Event: 195.862 Executing VM operation: Cleanup
Event: 195.862 Executing VM operation: Cleanup done
Event: 240.582 Executing VM operation: HandshakeAllThreads (HandshakeForDeflation)
Event: 240.582 Executing VM operation: HandshakeAllThreads (HandshakeForDeflation) done
Event: 240.582 Executing VM operation: RendezvousGCThreads
Event: 240.582 Executing VM operation: RendezvousGCThreads done
Event: 597.894 Executing VM operation: Cleanup
Event: 597.894 Executing VM operation: Cleanup done
Event: 598.895 Executing VM operation: Cleanup
Event: 598.895 Executing VM operation: Cleanup done
Event: 599.896 Executing VM operation: Cleanup
Event: 599.896 Executing VM operation: Cleanup done
Event: 600.120 Executing VM operation: get/set locals
Event: 600.120 Executing VM operation: get/set locals done
Event: 600.121 Executing VM operation: get/set locals
Event: 600.121 Executing VM operation: get/set locals done
Event: 600.131 Executing VM operation: HandshakeAllThreads (Deoptimize)
Event: 600.131 Executing VM operation: HandshakeAllThreads (Deoptimize) done
Event: 600.147 Executing VM operation: G1CollectForAllocation (G1 Evacuation Pause)

Memory protections (0 events):
No events

Nmethod flushes (20 events):
Event: 193.855 Thread 0x0000020ee60100b0 flushing  nmethod 0x0000020ecf4c4f90
Event: 193.855 Thread 0x0000020ee60100b0 flushing  nmethod 0x0000020ecf4c5f90
Event: 193.855 Thread 0x0000020ee60100b0 flushing  nmethod 0x0000020ecf4c8910
Event: 193.855 Thread 0x0000020ee60100b0 flushing  nmethod 0x0000020ecf4ca210
Event: 193.855 Thread 0x0000020ee60100b0 flushing  nmethod 0x0000020ecf4cab90
Event: 193.855 Thread 0x0000020ee60100b0 flushing  nmethod 0x0000020ecf4cca10
Event: 193.855 Thread 0x0000020ee60100b0 flushing  nmethod 0x0000020ecf4cdd10
Event: 193.855 Thread 0x0000020ee60100b0 flushing  nmethod 0x0000020ecf4ce810
Event: 193.855 Thread 0x0000020ee60100b0 flushing  nmethod 0x0000020ecf4f1410
Event: 193.855 Thread 0x0000020ee60100b0 flushing osr nmethod 0x0000020ecf4f2010
Event: 193.855 Thread 0x0000020ee60100b0 flushing  nmethod 0x0000020ecf4f2b90
Event: 193.855 Thread 0x0000020ee60100b0 flushing osr nmethod 0x0000020ecf4f3510
Event: 193.855 Thread 0x0000020ee60100b0 flushing osr nmethod 0x0000020ecf4f8a10
Event: 193.855 Thread 0x0000020ee60100b0 flushing osr nmethod 0x0000020ecf4fb410
Event: 193.861 Thread 0x0000020ee60100b0 flushing  nmethod 0x0000020ecf3e0410
Event: 193.861 Thread 0x0000020ee60100b0 flushing  nmethod 0x0000020ecf3b5290
Event: 193.861 Thread 0x0000020ee60100b0 flushing  nmethod 0x0000020ecf3d4690
Event: 193.861 Thread 0x0000020ee60100b0 flushing  nmethod 0x0000020ecf3d8190
Event: 193.861 Thread 0x0000020ee60100b0 flushing  nmethod 0x0000020ecf4f9090
Event: 193.861 Thread 0x0000020ee60100b0 flushing  nmethod 0x0000020ecf4fba10

Events (20 events):
Event: 0.675 Thread 0x0000020ee6967a20 Thread exited: 0x0000020ee6967a20
Event: 1.153 Thread 0x0000020ee6966d00 Thread added: 0x0000020ee6967390
Event: 1.153 Thread 0x0000020ee6966d00 Thread exited: 0x0000020ee6966d00
Event: 1.172 Thread 0x0000020ee6967390 Thread added: 0x0000020ee69680b0
Event: 1.389 Thread 0x0000020ee69680b0 Thread added: 0x0000020ee696a180
Event: 1.424 Thread 0x0000020ee69680b0 Thread added: 0x0000020ee6968dd0
Event: 1.427 Thread 0x0000020ee69680b0 Thread added: 0x0000020ee6968740
Event: 1.488 Thread 0x0000020ee69680b0 Thread exited: 0x0000020ee69680b0
Event: 1.499 Thread 0x0000020ee6967390 Thread added: 0x0000020ee696a810
Event: 1.506 Thread 0x0000020ee696aea0 Thread added: 0x0000020ee696aea0
Event: 1.535 Thread 0x0000020ee6967390 Thread added: 0x0000020ee696b530
Event: 1.776 Thread 0x0000020ee651c340 Thread exited: 0x0000020ee651c340
Event: 2.537 Thread 0x0000020ee6043a10 Thread exited: 0x0000020ee6043a10
Event: 2.537 Thread 0x0000020ee6967390 Thread exited: 0x0000020ee6967390
Event: 193.781 Thread 0x0000020ee62c1b10 Thread added: 0x0000020ee657eaa0
Event: 193.815 Thread 0x0000020ee6969460 Thread added: 0x0000020ee6967390
Event: 193.815 Thread 0x0000020ee6969460 Thread exited: 0x0000020ee6969460
Event: 193.840 Thread 0x0000020ee6967390 Thread added: 0x0000020ee696bbc0
Event: 193.840 Thread 0x0000020ee6967390 Thread exited: 0x0000020ee6967390
Event: 198.928 Thread 0x0000020ee657eaa0 Thread exited: 0x0000020ee657eaa0


Dynamic libraries:
0x00007ff7f2b40000 - 0x00007ff7f2b4e000 	C:\Program Files\Greenfoot\jdk\bin\java.exe
0x00007ffe75980000 - 0x00007ffe75be8000 	C:\WINDOWS\SYSTEM32\ntdll.dll
0x00007ffe744a0000 - 0x00007ffe74569000 	C:\WINDOWS\System32\KERNEL32.DLL
0x00007ffe73240000 - 0x00007ffe73638000 	C:\WINDOWS\System32\KERNELBASE.dll
0x00007ffe72f70000 - 0x00007ffe730bb000 	C:\WINDOWS\System32\ucrtbase.dll
0x00007ffe6d500000 - 0x00007ffe6d518000 	C:\Program Files\Greenfoot\jdk\bin\jli.dll
0x00007ffe626d0000 - 0x00007ffe626eb000 	C:\Program Files\Greenfoot\jdk\bin\VCRUNTIME140.dll
0x00007ffe74160000 - 0x00007ffe74327000 	C:\WINDOWS\System32\USER32.dll
0x00007ffe57f70000 - 0x00007ffe58204000 	C:\WINDOWS\WinSxS\amd64_microsoft.windows.common-controls_6595b64144ccf1df_6.0.26100.7019_none_3e06ffa0e335b8a8\COMCTL32.dll
0x00007ffe736f0000 - 0x00007ffe73717000 	C:\WINDOWS\System32\win32u.dll
0x00007ffe73da0000 - 0x00007ffe73e49000 	C:\WINDOWS\System32\msvcrt.dll
0x00007ffe74f80000 - 0x00007ffe74fab000 	C:\WINDOWS\System32\GDI32.dll
0x00007ffe72e40000 - 0x00007ffe72f6c000 	C:\WINDOWS\System32\gdi32full.dll
0x00007ffe73640000 - 0x00007ffe736e3000 	C:\WINDOWS\System32\msvcp_win.dll
0x00007ffe747e0000 - 0x00007ffe74811000 	C:\WINDOWS\System32\IMM32.DLL
0x00007ffe6f5f0000 - 0x00007ffe6f5fc000 	C:\Program Files\Greenfoot\jdk\bin\vcruntime140_1.dll
0x00007ffe61ed0000 - 0x00007ffe61f5e000 	C:\Program Files\Greenfoot\jdk\bin\msvcp140.dll
0x00007ffdc9c30000 - 0x00007ffdca9b8000 	C:\Program Files\Greenfoot\jdk\bin\server\jvm.dll
0x00007ffe73c10000 - 0x00007ffe73cc4000 	C:\WINDOWS\System32\ADVAPI32.dll
0x00007ffe74590000 - 0x00007ffe74636000 	C:\WINDOWS\System32\sechost.dll
0x00007ffe75350000 - 0x00007ffe75468000 	C:\WINDOWS\System32\RPCRT4.dll
0x00007ffe73f00000 - 0x00007ffe73f74000 	C:\WINDOWS\System32\WS2_32.dll
0x00007ffe72950000 - 0x00007ffe729ae000 	C:\WINDOWS\SYSTEM32\POWRPROF.dll
0x00007ffe6a9e0000 - 0x00007ffe6aa15000 	C:\WINDOWS\SYSTEM32\WINMM.dll
0x00007ffe6ac80000 - 0x00007ffe6ac8b000 	C:\WINDOWS\SYSTEM32\VERSION.dll
0x00007ffe72930000 - 0x00007ffe72944000 	C:\WINDOWS\SYSTEM32\UMPDC.dll
0x00007ffe71860000 - 0x00007ffe7187b000 	C:\WINDOWS\SYSTEM32\kernel.appcore.dll
0x00007ffe6d560000 - 0x00007ffe6d56a000 	C:\Program Files\Greenfoot\jdk\bin\jimage.dll
0x00007ffe70450000 - 0x00007ffe70692000 	C:\WINDOWS\SYSTEM32\DBGHELP.DLL
0x00007ffe74fb0000 - 0x00007ffe7533b000 	C:\WINDOWS\System32\combase.dll
0x00007ffe75700000 - 0x00007ffe757d7000 	C:\WINDOWS\System32\OLEAUT32.dll
0x00007ffe51b70000 - 0x00007ffe51bac000 	C:\WINDOWS\SYSTEM32\dbgcore.DLL
0x00007ffe72b90000 - 0x00007ffe72c35000 	C:\WINDOWS\System32\bcryptPrimitives.dll
0x00007ffe4f4e0000 - 0x00007ffe4f51c000 	C:\Program Files\Greenfoot\jdk\bin\jdwp.dll
0x00007ffe626b0000 - 0x00007ffe626cf000 	C:\Program Files\Greenfoot\jdk\bin\java.dll
0x00007ffe74820000 - 0x00007ffe74f71000 	C:\WINDOWS\System32\SHELL32.dll
0x00007ffe72c40000 - 0x00007ffe72dab000 	C:\WINDOWS\System32\wintypes.dll
0x00007ffe706d0000 - 0x00007ffe70f2d000 	C:\WINDOWS\SYSTEM32\windows.storage.dll
0x00007ffe75470000 - 0x00007ffe75562000 	C:\WINDOWS\System32\SHCORE.dll
0x00007ffe758b0000 - 0x00007ffe75917000 	C:\WINDOWS\System32\shlwapi.dll
0x00007ffe729f0000 - 0x00007ffe72a19000 	C:\WINDOWS\SYSTEM32\profapi.dll
0x00007ffe495b0000 - 0x00007ffe49687000 	C:\Program Files\Greenfoot\jdk\bin\jsvml.dll
0x00007ffe61450000 - 0x00007ffe6145b000 	C:\Program Files\Greenfoot\jdk\bin\dt_shmem.dll
0x00007ffe6b180000 - 0x00007ffe6b190000 	C:\Program Files\Greenfoot\jdk\bin\net.dll
0x00007ffe68360000 - 0x00007ffe68488000 	C:\WINDOWS\SYSTEM32\WINHTTP.dll
0x00007ffe71e00000 - 0x00007ffe71e6b000 	C:\WINDOWS\system32\mswsock.dll
0x00007ffe62690000 - 0x00007ffe626a6000 	C:\Program Files\Greenfoot\jdk\bin\nio.dll
0x00007ffe62670000 - 0x00007ffe62688000 	C:\Program Files\Greenfoot\jdk\bin\zip.dll
0x00007ffe1d460000 - 0x00007ffe1d5ee000 	C:\Program Files\Greenfoot\jdk\bin\awt.dll
0x00007ffe6f700000 - 0x00007ffe6f79f000 	C:\WINDOWS\SYSTEM32\apphelp.dll
0x00007ffe6f9d0000 - 0x00007ffe6fa7a000 	C:\WINDOWS\system32\uxtheme.dll
0x00007ffe46120000 - 0x00007ffe46253000 	C:\ProgramData\A-Volute\A-Volute.Nahimic\Modules\Scheduled\x64\AudioDevProps2.dll
0x00007ffe74640000 - 0x00007ffe747d7000 	C:\WINDOWS\System32\ole32.dll
0x00007ffe74330000 - 0x00007ffe7448e000 	C:\WINDOWS\System32\MSCTF.dll
0x00007ffe720c0000 - 0x00007ffe720db000 	C:\WINDOWS\SYSTEM32\CRYPTSP.dll
0x00007ffe717c0000 - 0x00007ffe717fa000 	C:\WINDOWS\system32\rsaenh.dll
0x00007ffe71eb0000 - 0x00007ffe71edb000 	C:\WINDOWS\SYSTEM32\USERENV.dll
0x00007ffe729c0000 - 0x00007ffe729ea000 	C:\WINDOWS\SYSTEM32\bcrypt.dll
0x00007ffe720e0000 - 0x00007ffe720ec000 	C:\WINDOWS\SYSTEM32\CRYPTBASE.dll
0x00007ffe71240000 - 0x00007ffe71274000 	C:\WINDOWS\SYSTEM32\IPHLPAPI.DLL
0x00007ffe73d90000 - 0x00007ffe73d9a000 	C:\WINDOWS\System32\NSI.dll
0x00007ffe6fc60000 - 0x00007ffe6fc90000 	C:\WINDOWS\system32\DWMAPI.DLL
0x00007ffde2460000 - 0x00007ffde256c000 	C:\WINDOWS\system32\opengl32.dll
0x00007ffde2000000 - 0x00007ffde202d000 	C:\WINDOWS\SYSTEM32\GLU32.dll
0x00007ffe6fab0000 - 0x00007ffe6faf3000 	C:\WINDOWS\SYSTEM32\dxcore.dll
0x00007ffe485b0000 - 0x00007ffe48760000 	C:\WINDOWS\system32\d3d9.dll
0x00007ffe6d030000 - 0x00007ffe6d093000 	C:\WINDOWS\SYSTEM32\directxdatabasehelper.dll
0x00007ffe72620000 - 0x00007ffe72677000 	C:\WINDOWS\SYSTEM32\cfgmgr32.dll
0x00007ffe721f0000 - 0x00007ffe72203000 	C:\WINDOWS\SYSTEM32\msasn1.dll
0x00007ffe67650000 - 0x00007ffe6768b000 	C:\WINDOWS\SYSTEM32\cryptnet.dll
0x00007ffe730c0000 - 0x00007ffe73237000 	C:\WINDOWS\System32\CRYPT32.dll
0x00007ffe72db0000 - 0x00007ffe72e2f000 	C:\WINDOWS\System32\wintrust.dll
0x00007ffe73e50000 - 0x00007ffe73e70000 	C:\WINDOWS\System32\imagehlp.dll
0x00007ffe349a0000 - 0x00007ffe34a62000 	C:\WINDOWS\System32\DriverStore\FileRepository\nvlti.inf_amd64_5e7dc1ecd937f477\nvldumdx.dll
0x00007ffe72180000 - 0x00007ffe721e5000 	C:\WINDOWS\SYSTEM32\wldp.dll
0x00007ffe672a0000 - 0x00007ffe6741b000 	C:\WINDOWS\SYSTEM32\drvstore.dll
0x00007ffe72680000 - 0x00007ffe726ad000 	C:\WINDOWS\SYSTEM32\devobj.dll
0x00007ffe2f750000 - 0x00007ffe32eea000 	C:\WINDOWS\System32\DriverStore\FileRepository\nvlti.inf_amd64_5e7dc1ecd937f477\nvgpucomp64.dll
0x00007ffe2ef60000 - 0x00007ffe2f037000 	C:\WINDOWS\System32\DriverStore\FileRepository\nvlti.inf_amd64_5e7dc1ecd937f477\NvMemMapStoragex.dll
0x00007ffdc7b60000 - 0x00007ffdc9c27000 	C:\WINDOWS\System32\DriverStore\FileRepository\nvlti.inf_amd64_5e7dc1ecd937f477\nvd3dumx.dll
0x00007ffe26020000 - 0x00007ffe26167000 	C:\WINDOWS\system32\nvspcap64.dll
0x00007ffe71990000 - 0x00007ffe719c6000 	C:\WINDOWS\SYSTEM32\ntmarta.dll
0x00007ffe71e70000 - 0x00007ffe71ea2000 	C:\WINDOWS\SYSTEM32\gpapi.dll
0x00007ffde0910000 - 0x00007ffde0ac4000 	C:\WINDOWS\System32\DriverStore\FileRepository\nvlti.inf_amd64_5e7dc1ecd937f477\nvppex.dll
0x00007ffe6aa20000 - 0x00007ffe6abdb000 	C:\WINDOWS\System32\DriverStore\FileRepository\u0417253.inf_amd64_a9b363c4f94f001d\B417132\aticfx64.dll
0x00007ffe612b0000 - 0x00007ffe612e4000 	C:\WINDOWS\System32\DriverStore\FileRepository\u0417253.inf_amd64_a9b363c4f94f001d\B417132\atiu9p64.dll
0x00007ffdae260000 - 0x00007ffdaefa7000 	C:\WINDOWS\System32\DriverStore\FileRepository\u0417253.inf_amd64_a9b363c4f94f001d\B417132\atiumd64.dll
0x00000000686a0000 - 0x00000000695b3000 	C:\WINDOWS\System32\DriverStore\FileRepository\u0417253.inf_amd64_a9b363c4f94f001d\B417132\atiumd6a.dll
0x00007ffe73780000 - 0x00007ffe73c0a000 	C:\WINDOWS\System32\SETUPAPI.dll
0x00007ffe676f0000 - 0x00007ffe67725000 	C:\WINDOWS\SYSTEM32\amdihk64.dll
0x0000020eeb7e0000 - 0x0000020eeb7e3000 	C:\Users\willi\.openjfx\cache\21.0.3+2\amd64\api-ms-win-core-console-l1-1-0.dll
0x0000020eeb7f0000 - 0x0000020eeb7f3000 	C:\Users\willi\.openjfx\cache\21.0.3+2\amd64\api-ms-win-core-console-l1-2-0.dll
0x0000020eeb800000 - 0x0000020eeb803000 	C:\Users\willi\.openjfx\cache\21.0.3+2\amd64\api-ms-win-core-datetime-l1-1-0.dll
0x0000020eeb810000 - 0x0000020eeb813000 	C:\Users\willi\.openjfx\cache\21.0.3+2\amd64\api-ms-win-core-debug-l1-1-0.dll
0x0000020eeb820000 - 0x0000020eeb823000 	C:\Users\willi\.openjfx\cache\21.0.3+2\amd64\api-ms-win-core-errorhandling-l1-1-0.dll
0x0000020ef0900000 - 0x0000020ef0904000 	C:\Users\willi\.openjfx\cache\21.0.3+2\amd64\api-ms-win-core-file-l1-1-0.dll
0x0000020ef0910000 - 0x0000020ef0913000 	C:\Users\willi\.openjfx\cache\21.0.3+2\amd64\api-ms-win-core-file-l1-2-0.dll
0x0000020ef0920000 - 0x0000020ef0923000 	C:\Users\willi\.openjfx\cache\21.0.3+2\amd64\api-ms-win-core-file-l2-1-0.dll
0x0000020ef0930000 - 0x0000020ef0933000 	C:\Users\willi\.openjfx\cache\21.0.3+2\amd64\api-ms-win-core-handle-l1-1-0.dll
0x0000020ef0940000 - 0x0000020ef0943000 	C:\Users\willi\.openjfx\cache\21.0.3+2\amd64\api-ms-win-core-heap-l1-1-0.dll
0x0000020ef0950000 - 0x0000020ef0953000 	C:\Users\willi\.openjfx\cache\21.0.3+2\amd64\api-ms-win-core-interlocked-l1-1-0.dll
0x0000020ef0960000 - 0x0000020ef0963000 	C:\Users\willi\.openjfx\cache\21.0.3+2\amd64\api-ms-win-core-libraryloader-l1-1-0.dll
0x0000020ef0970000 - 0x0000020ef0973000 	C:\Users\willi\.openjfx\cache\21.0.3+2\amd64\api-ms-win-core-localization-l1-2-0.dll
0x0000020ef0980000 - 0x0000020ef0983000 	C:\Users\willi\.openjfx\cache\21.0.3+2\amd64\api-ms-win-core-memory-l1-1-0.dll
0x0000020ef0990000 - 0x0000020ef0993000 	C:\Users\willi\.openjfx\cache\21.0.3+2\amd64\api-ms-win-core-namedpipe-l1-1-0.dll
0x0000020ef09a0000 - 0x0000020ef09a3000 	C:\Users\willi\.openjfx\cache\21.0.3+2\amd64\api-ms-win-core-processenvironment-l1-1-0.dll
0x0000020ef09b0000 - 0x0000020ef09b3000 	C:\Users\willi\.openjfx\cache\21.0.3+2\amd64\api-ms-win-core-processthreads-l1-1-0.dll
0x0000020ef09c0000 - 0x0000020ef09c3000 	C:\Users\willi\.openjfx\cache\21.0.3+2\amd64\api-ms-win-core-processthreads-l1-1-1.dll
0x0000020ef2fe0000 - 0x0000020ef2fe3000 	C:\Users\willi\.openjfx\cache\21.0.3+2\amd64\api-ms-win-core-profile-l1-1-0.dll
0x0000020ef2ff0000 - 0x0000020ef2ff3000 	C:\Users\willi\.openjfx\cache\21.0.3+2\amd64\api-ms-win-core-rtlsupport-l1-1-0.dll
0x0000020ef3000000 - 0x0000020ef3003000 	C:\Users\willi\.openjfx\cache\21.0.3+2\amd64\api-ms-win-core-string-l1-1-0.dll
0x0000020ef3010000 - 0x0000020ef3013000 	C:\Users\willi\.openjfx\cache\21.0.3+2\amd64\api-ms-win-core-synch-l1-1-0.dll
0x0000020ef3020000 - 0x0000020ef3023000 	C:\Users\willi\.openjfx\cache\21.0.3+2\amd64\api-ms-win-core-synch-l1-2-0.dll
0x0000020ef3030000 - 0x0000020ef3033000 	C:\Users\willi\.openjfx\cache\21.0.3+2\amd64\api-ms-win-core-sysinfo-l1-1-0.dll
0x0000020ef3040000 - 0x0000020ef3043000 	C:\Users\willi\.openjfx\cache\21.0.3+2\amd64\api-ms-win-core-timezone-l1-1-0.dll
0x0000020ef3050000 - 0x0000020ef3053000 	C:\Users\willi\.openjfx\cache\21.0.3+2\amd64\api-ms-win-core-util-l1-1-0.dll
0x0000020ef3060000 - 0x0000020ef3063000 	C:\Users\willi\.openjfx\cache\21.0.3+2\amd64\api-ms-win-crt-conio-l1-1-0.dll
0x0000020ef3070000 - 0x0000020ef3074000 	C:\Users\willi\.openjfx\cache\21.0.3+2\amd64\api-ms-win-crt-convert-l1-1-0.dll
0x0000020ef3080000 - 0x0000020ef3083000 	C:\Users\willi\.openjfx\cache\21.0.3+2\amd64\api-ms-win-crt-environment-l1-1-0.dll
0x0000020ef3090000 - 0x0000020ef3093000 	C:\Users\willi\.openjfx\cache\21.0.3+2\amd64\api-ms-win-crt-filesystem-l1-1-0.dll
0x0000020ef30a0000 - 0x0000020ef30a3000 	C:\Users\willi\.openjfx\cache\21.0.3+2\amd64\api-ms-win-crt-heap-l1-1-0.dll
0x0000020ef30b0000 - 0x0000020ef30b3000 	C:\Users\willi\.openjfx\cache\21.0.3+2\amd64\api-ms-win-crt-locale-l1-1-0.dll
0x0000020ef30c0000 - 0x0000020ef30c5000 	C:\Users\willi\.openjfx\cache\21.0.3+2\amd64\api-ms-win-crt-math-l1-1-0.dll
0x0000020ef30d0000 - 0x0000020ef30d5000 	C:\Users\willi\.openjfx\cache\21.0.3+2\amd64\api-ms-win-crt-multibyte-l1-1-0.dll
0x0000020ef30e0000 - 0x0000020ef30f0000 	C:\Users\willi\.openjfx\cache\21.0.3+2\amd64\api-ms-win-crt-private-l1-1-0.dll
0x0000020ef30f0000 - 0x0000020ef30f3000 	C:\Users\willi\.openjfx\cache\21.0.3+2\amd64\api-ms-win-crt-process-l1-1-0.dll
0x0000020ef3100000 - 0x0000020ef3104000 	C:\Users\willi\.openjfx\cache\21.0.3+2\amd64\api-ms-win-crt-runtime-l1-1-0.dll
0x0000020ef3110000 - 0x0000020ef3114000 	C:\Users\willi\.openjfx\cache\21.0.3+2\amd64\api-ms-win-crt-stdio-l1-1-0.dll

dbghelp: loaded successfully - version: 4.0.5 - missing functions: none
symbol engine: initialized successfully - sym options: 0x614 - pdb path: .;C:\Program Files\Greenfoot\jdk\bin;C:\WINDOWS\SYSTEM32;C:\WINDOWS\WinSxS\amd64_microsoft.windows.common-controls_6595b64144ccf1df_6.0.26100.7019_none_3e06ffa0e335b8a8;C:\Program Files\Greenfoot\jdk\bin\server;C:\ProgramData\A-Volute\A-Volute.Nahimic\Modules\Scheduled\x64;C:\WINDOWS\System32\DriverStore\FileRepository\nvlti.inf_amd64_5e7dc1ecd937f477;C:\WINDOWS\System32\DriverStore\FileRepository\u0417253.inf_amd64_a9b363c4f94f001d\B417132;C:\Users\willi\.openjfx\cache\21.0.3+2\amd64

VM Arguments:
jvm_args: -XX:MaxGCPauseMillis=50 -agentlib:jdwp=transport=dt_shmem,address=javadebug -Dfile.encoding=UTF-8 
java_command: bluej.runtime.ExecServer UTF-8
java_class_path (initial): C:\Program Files\Greenfoot\lib\greenfoot.jar;C:\Program Files\Greenfoot\lib\javafx-base-21.0.3-win.jar;C:\Program Files\Greenfoot\lib\javafx-controls-21.0.3-win.jar;C:\Program Files\Greenfoot\lib\javafx-fxml-21.0.3-win.jar;C:\Program Files\Greenfoot\lib\javafx-graphics-21.0.3-win.jar;C:\Program Files\Greenfoot\lib\javafx-media-21.0.3-win.jar;C:\Program Files\Greenfoot\lib\javafx-swing-21.0.3-win.jar;C:\Program Files\Greenfoot\lib\javafx-web-21.0.3-win.jar;C:\Program Files\Greenfoot\lib\junit-4.12.jar;C:\Program Files\Greenfoot\lib\junit-jupiter-5.5.2.jar;C:\Program Files\Greenfoot\lib\junit-jupiter-api-5.5.2.jar;C:\Program Files\Greenfoot\lib\junit-jupiter-engine-5.5.2.jar;C:\Program Files\Greenfoot\lib\junit-jupiter-params-5.5.2.jar;C:\Program Files\Greenfoot\lib\junit-platform-commons-1.5.2.jar;C:\Program Files\Greenfoot\lib\junit-platform-engine-1.5.2.jar;C:\Program Files\Greenfoot\lib\junit-platform-launcher-1.5.2.jar;C:\Program Files\Greenfoot\lib\junit-platform-suite-api-1.5.2.jar;C:\Program Files\Greenfoot\lib\junit-vintage-engine-5.5.2.jar;C:\Program Files\Greenfoot\lib\hamcrest-core-1.3.jar;C:\Program Files\Greenfoot\lib\opentest4j-1.2.0.jar;C:\Program Files\Greenfoot\lib\bluej.jar;C:\Program Files\Greenfoot\lib\classgraph-4.8.90.jar;C:\Program Files\Greenfoot\lib\diffutils-1.2.1.jar;C:\Program Files\Greenfoot\lib\commons-logging-1.2.jar;C:\Program Files\Greenfoot\lib\jl1.0.1.jar;C:\Program Files\Greenfoot\lib\opencsv-2.3.jar;C:\Program Files\Greenfoot\lib\opencsv-2.4.jar;C:\Program Files\Greenfoot\lib\xom-1.3.9.jar;C:\Program Files\Greenfoot\lib\lang-stride.jar;C:\Program Files\Greenfoot\lib\nsmenufx-3.1.0.jar;C:\Program Files\Greenfoot\lib\wellbehavedfx-0.3.3.jar;C:\Program Files\Greenfoot\lib\guava-33.3.1-jre.jar;C:\Program Files\Greenfoot\lib\failureaccess-1.0.2.jar;C:\Program Files\Greenfoot\lib\simple-png-0.2.0.jar;C:\Program Files\Greenfoot\lib\simple-png-javafx-0.2.0.jar;C:\Program Files\Greenfoot\lib\httpclient-4.5.13.jar;C:\Program Files\Greenfoot\lib\httpcore-4.4.13.jar;C:\Program Files\Greenfoot\lib\httpmime-4.1.1.jar;C:\Program Files\Greenfoot\lib\javafx\javafx.base.jar;C:\Program Files\Greenfoot\lib\javafx\javafx.controls.jar;C:\Program Files\Greenfoot\lib\javafx\javafx.fxml.jar;C:\Program Files\Greenfoot\lib\javafx\javafx.graphics.jar;C:\Program Files\Greenfoot\lib\javafx\javafx.media.jar;C:\Program Files\Greenfoot\lib\javafx\javafx.properties.jar;C:\Program Files\Greenfoot\lib\javafx\javafx.swing.jar;C:\Program Files\Greenfoot\lib\javafx\javafx.web.jar
Launcher Type: SUN_STANDARD

[Global flags]
     intx CICompilerCount                          = 4                                         {product} {ergonomic}
     uint ConcGCThreads                            = 3                                         {product} {ergonomic}
     uint G1ConcRefinementThreads                  = 10                                        {product} {ergonomic}
   size_t G1HeapRegionSize                         = 2097152                                   {product} {ergonomic}
    uintx GCDrainStackTargetSize                   = 64                                        {product} {ergonomic}
   size_t InitialHeapSize                          = 257949696                                 {product} {ergonomic}
   size_t MarkStackSize                            = 4194304                                   {product} {ergonomic}
    uintx MaxGCPauseMillis                         = 50                                        {product} {command line}
   size_t MaxHeapSize                              = 4123000832                                {product} {ergonomic}
   size_t MaxNewSize                               = 2472542208                                {product} {ergonomic}
   size_t MinHeapDeltaBytes                        = 2097152                                   {product} {ergonomic}
   size_t MinHeapSize                              = 8388608                                   {product} {ergonomic}
    uintx NonNMethodCodeHeapSize                   = 5839372                                {pd product} {ergonomic}
    uintx NonProfiledCodeHeapSize                  = 122909434                              {pd product} {ergonomic}
    uintx ProfiledCodeHeapSize                     = 122909434                              {pd product} {ergonomic}
    uintx ReservedCodeCacheSize                    = 251658240                              {pd product} {ergonomic}
     bool SegmentedCodeCache                       = true                                      {product} {ergonomic}
   size_t SoftMaxHeapSize                          = 4123000832                             {manageable} {ergonomic}
     bool UseCompressedOops                        = true                           {product lp64_product} {ergonomic}
     bool UseG1GC                                  = true                                      {product} {ergonomic}
     bool UseLargePagesIndividualAllocation        = false                                  {pd product} {ergonomic}

Logging:
Log output configuration:
 #0: stdout all=warning uptime,level,tags foldmultilines=false
 #1: stderr all=off uptime,level,tags foldmultilines=false

Environment Variables:
PATH=C:\Program Files\Common Files\Oracle\Java\javapath;C:\Program Files (x86)\Common Files\Oracle\Java\java8path;C:\Program Files (x86)\Common Files\Oracle\Java\javapath;C:\Windows\system32;C:\Windows;C:\Windows\System32\Wbem;C:\Windows\System32\WindowsPowerShell\v1.0\;C:\Windows\System32\OpenSSH\;C:\WINDOWS\system32;C:\WINDOWS;C:\WINDOWS\System32\Wbem;C:\WINDOWS\System32\WindowsPowerShell\v1.0\;C:\WINDOWS\System32\OpenSSH\;C:\Program Files\dotnet\;C:\MinGW\bin;C:\Program Files\NVIDIA Corporation\NVIDIA App\NvDLISR;C:\Program Files (x86)\NVIDIA Corporation\PhysX\Common;C:\Program Files\Git\cmd;C:\Users\willi\AppData\Local\Microsoft\WindowsApps;C:\Users\willi\AppData\Local\spicetify;C:\Users\willi\AppData\Local\Microsoft\WindowsApps;C:\Users\willi\AppData\Local\Programs\Microsoft VS Code\bin;C:\MinGW\bin;C:\Users\willi\AppData\Local\GitHubDesktop\bin
USERNAME=Willian Cust鏚io
OS=Windows_NT
PROCESSOR_IDENTIFIER=AMD64 Family 25 Model 80 Stepping 0, AuthenticAMD
TMP=C:\Users\willi\AppData\Local\Temp
TEMP=C:\Users\willi\AppData\Local\Temp




Periodic native trim disabled

---------------  S Y S T E M  ---------------

OS:
 Windows 11 , 64 bit Build 26100 (10.0.26100.7019)
OS uptime: 0 days 1:29 hours
Hyper-V role detected

CPU: total 12 (initial active 12) (12 cores per cpu, 2 threads per core) family 25 model 80 stepping 0 microcode 0xa50000c, cx8, cmov, fxsr, ht, mmx, 3dnowpref, sse, sse2, sse3, ssse3, sse4a, sse4.1, sse4.2, popcnt, lzcnt, tsc, tscinvbit, avx, avx2, aes, erms, clmul, bmi1, bmi2, adx, sha, fma, vzeroupper, clflush, clflushopt, hv, rdtscp, rdpid, fsrm, f16c, cet_ss
Processor Information for all 12 processors :
  Max Mhz: 3301, Current Mhz: 3301, Mhz Limit: 3301

Memory: 4k page, system-wide physical 15724M (3636M free)
TotalPageFile size 18585M (AvailPageFile size 876M)
current process WorkingSet (physical memory assigned to process): 431M, peak: 439M
current process commit charge ("private bytes"): 777M, peak: 1781M

vm_info: OpenJDK 64-Bit Server VM (21.0.4+7-LTS) for windows-amd64 JRE (21.0.4+7-LTS), built on 2024-07-16T00:00:00Z by "admin" with MS VC++ 17.7 (VS2022)

END.
